2024-05-05 15:03:15,673 1 INFO ? odoo: Odoo version 17.0-20240429 
2024-05-05 15:03:15,673 1 INFO ? odoo: Using configuration file at /etc/odoo/odoo.conf 
2024-05-05 15:03:15,673 1 INFO ? odoo: addons paths: ['/usr/lib/python3/dist-packages/odoo/addons', '/etc/odoo/addons/17.0', '/mnt/extra-addons'] 
2024-05-05 15:03:15,673 1 INFO ? odoo: database: odoo@db:5432 
2024-05-05 15:03:15,767 1 INFO ? odoo.addons.base.models.ir_actions_report: Will use the Wkhtmltopdf binary at /usr/local/bin/wkhtmltopdf 
2024-05-05 15:03:15,934 1 INFO ? odoo.service.server: HTTP service (werkzeug) running on 427f0d157350:8069 
2024-05-05 15:03:39,129 1 INFO ? odoo.service.server: Initiating shutdown 
2024-05-05 15:03:39,129 1 INFO ? odoo.service.server: Hit CTRL-C again or send a second signal to force the shutdown. 
2024-05-05 15:03:39,468 1 INFO ? odoo.sql_db: ConnectionPool(used=0/count=0/max=64): Closed 2 connections  
2024-05-05 15:03:40,978 1 INFO ? odoo: Odoo version 17.0-20240429 
2024-05-05 15:03:40,978 1 INFO ? odoo: Using configuration file at /etc/odoo/odoo.conf 
2024-05-05 15:03:40,978 1 INFO ? odoo: addons paths: ['/usr/lib/python3/dist-packages/odoo/addons', '/etc/odoo/addons/17.0', '/mnt/extra-addons'] 
2024-05-05 15:03:40,978 1 INFO ? odoo: database: odoo@db:5432 
2024-05-05 15:03:41,026 1 INFO ? odoo.addons.base.models.ir_actions_report: Will use the Wkhtmltopdf binary at /usr/local/bin/wkhtmltopdf 
2024-05-05 15:03:41,126 1 INFO ? odoo.service.server: HTTP service (werkzeug) running on 427f0d157350:8069 
2024-05-05 15:03:50,294 1 INFO odoo odoo.modules.loading: loading 1 modules... 
2024-05-05 15:03:50,298 1 INFO odoo odoo.modules.loading: 1 modules loaded in 0.00s, 0 queries (+0 extra) 
2024-05-05 15:03:50,301 1 INFO odoo odoo.modules.loading: loading 35 modules... 
2024-05-05 15:03:50,459 1 INFO odoo odoo.modules.loading: 35 modules loaded in 0.16s, 0 queries (+0 extra) 
2024-05-05 15:03:50,493 1 INFO odoo odoo.modules.loading: Modules loaded. 
2024-05-05 15:03:50,495 1 INFO odoo odoo.modules.registry: Registry loaded in 0.216s 
2024-05-05 15:03:50,514 1 INFO odoo odoo.addons.base.models.ir_http: Generating routing map for key 1 
2024-05-05 15:03:50,514 1 INFO odoo odoo.addons.base.models.ir_http: Generating routing map for key 1 
2024-05-05 15:03:50,515 1 INFO odoo odoo.addons.base.models.ir_http: Generating routing map for key 1 
2024-05-05 15:03:50,567 1 INFO odoo odoo.http: Session expired 
2024-05-05 15:03:50,568 1 INFO odoo werkzeug: 172.20.0.1 - - [05/May/2024 15:03:50] "POST /web/dataset/call_kw/ir.module.module/search_panel_select_range HTTP/1.1" 200 - 22 0.028 0.605
2024-05-05 15:03:50,568 1 INFO odoo odoo.http: Session expired 
2024-05-05 15:03:50,568 1 INFO odoo odoo.http: Session expired 
2024-05-05 15:03:50,569 1 INFO odoo werkzeug: 172.20.0.1 - - [05/May/2024 15:03:50] "POST /web/dataset/call_kw/ir.module.module/web_search_read HTTP/1.1" 200 - 8 0.016 0.616
2024-05-05 15:03:50,569 1 INFO odoo werkzeug: 172.20.0.1 - - [05/May/2024 15:03:50] "POST /web/dataset/call_kw/ir.module.module/search_panel_select_range HTTP/1.1" 200 - 8 0.025 0.608
2024-05-05 15:03:50,589 1 INFO odoo odoo.http: Session expired 
2024-05-05 15:03:50,589 1 INFO odoo werkzeug: 172.20.0.1 - - [05/May/2024 15:03:50] "POST /web/dataset/call_kw/ir.module.module/web_search_read HTTP/1.1" 200 - 2 0.002 0.012
2024-05-05 15:03:50,611 1 INFO odoo odoo.http: Session expired 
2024-05-05 15:03:50,611 1 INFO odoo werkzeug: 172.20.0.1 - - [05/May/2024 15:03:50] "POST /web/dataset/call_kw/ir.module.module/web_search_read HTTP/1.1" 200 - 2 0.003 0.012
2024-05-05 15:03:50,631 1 INFO odoo odoo.http: Session expired 
2024-05-05 15:03:50,631 1 INFO odoo werkzeug: 172.20.0.1 - - [05/May/2024 15:03:50] "POST /web/dataset/call_kw/ir.module.module/web_search_read HTTP/1.1" 200 - 2 0.002 0.011
2024-05-05 15:03:50,649 1 INFO odoo odoo.http: Session expired 
2024-05-05 15:03:50,650 1 INFO odoo werkzeug: 172.20.0.1 - - [05/May/2024 15:03:50] "POST /web/dataset/call_kw/ir.module.module/web_search_read HTTP/1.1" 200 - 2 0.002 0.011
2024-05-05 15:03:50,666 1 INFO odoo odoo.http: Session expired 
2024-05-05 15:03:50,666 1 INFO odoo werkzeug: 172.20.0.1 - - [05/May/2024 15:03:50] "POST /web/dataset/call_kw/ir.module.module/web_search_read HTTP/1.1" 200 - 2 0.001 0.009
2024-05-05 15:03:50,685 1 INFO odoo odoo.http: Session expired 
2024-05-05 15:03:50,685 1 INFO odoo werkzeug: 172.20.0.1 - - [05/May/2024 15:03:50] "POST /web/dataset/call_kw/ir.module.module/web_search_read HTTP/1.1" 200 - 2 0.001 0.011
2024-05-05 15:03:50,703 1 INFO odoo odoo.http: Session expired 
2024-05-05 15:03:50,703 1 INFO odoo werkzeug: 172.20.0.1 - - [05/May/2024 15:03:50] "POST /web/dataset/call_kw/ir.module.module/web_search_read HTTP/1.1" 200 - 2 0.001 0.011
2024-05-05 15:03:50,723 1 INFO odoo odoo.http: Session expired 
2024-05-05 15:03:50,723 1 INFO odoo werkzeug: 172.20.0.1 - - [05/May/2024 15:03:50] "POST /web/dataset/call_kw/ir.module.module/web_search_read HTTP/1.1" 200 - 2 0.002 0.010
2024-05-05 15:03:50,744 1 INFO odoo odoo.http: Session expired 
2024-05-05 15:03:50,745 1 INFO odoo werkzeug: 172.20.0.1 - - [05/May/2024 15:03:50] "POST /web/dataset/call_kw/ir.module.module/web_search_read HTTP/1.1" 200 - 2 0.002 0.012
2024-05-05 15:03:50,766 1 INFO odoo odoo.http: Session expired 
2024-05-05 15:03:50,766 1 INFO odoo werkzeug: 172.20.0.1 - - [05/May/2024 15:03:50] "POST /web/dataset/call_kw/ir.module.module/web_search_read HTTP/1.1" 200 - 2 0.003 0.011
2024-05-05 15:03:50,786 1 INFO odoo odoo.http: Session expired 
2024-05-05 15:03:50,787 1 INFO odoo werkzeug: 172.20.0.1 - - [05/May/2024 15:03:50] "POST /web/dataset/call_kw/ir.module.module/web_search_read HTTP/1.1" 200 - 2 0.002 0.012
2024-05-05 15:03:50,807 1 INFO odoo odoo.http: Session expired 
2024-05-05 15:03:50,807 1 INFO odoo werkzeug: 172.20.0.1 - - [05/May/2024 15:03:50] "POST /web/dataset/call_kw/ir.module.module/web_search_read HTTP/1.1" 200 - 2 0.002 0.011
2024-05-05 15:03:50,828 1 INFO odoo odoo.http: Session expired 
2024-05-05 15:03:50,829 1 INFO odoo werkzeug: 172.20.0.1 - - [05/May/2024 15:03:50] "POST /web/dataset/call_kw/ir.module.module/web_search_read HTTP/1.1" 200 - 2 0.002 0.012
2024-05-05 15:03:50,849 1 INFO odoo odoo.http: Session expired 
2024-05-05 15:03:50,850 1 INFO odoo werkzeug: 172.20.0.1 - - [05/May/2024 15:03:50] "POST /web/dataset/call_kw/ir.module.module/web_search_read HTTP/1.1" 200 - 2 0.002 0.012
2024-05-05 15:03:50,869 1 INFO odoo odoo.http: Session expired 
2024-05-05 15:03:50,869 1 INFO odoo werkzeug: 172.20.0.1 - - [05/May/2024 15:03:50] "POST /web/dataset/call_kw/ir.module.module/web_search_read HTTP/1.1" 200 - 2 0.002 0.010
2024-05-05 15:03:50,890 1 INFO odoo odoo.http: Session expired 
2024-05-05 15:03:50,890 1 INFO odoo werkzeug: 172.20.0.1 - - [05/May/2024 15:03:50] "POST /web/dataset/call_kw/ir.module.module/web_search_read HTTP/1.1" 200 - 2 0.002 0.011
2024-05-05 15:03:50,909 1 INFO odoo odoo.http: Session expired 
2024-05-05 15:03:50,909 1 INFO odoo werkzeug: 172.20.0.1 - - [05/May/2024 15:03:50] "POST /web/dataset/call_kw/ir.module.module/web_search_read HTTP/1.1" 200 - 2 0.001 0.009
2024-05-05 15:03:50,924 1 INFO odoo odoo.http: Session expired 
2024-05-05 15:03:50,924 1 INFO odoo werkzeug: 172.20.0.1 - - [05/May/2024 15:03:50] "POST /web/dataset/call_kw/ir.module.module/web_search_read HTTP/1.1" 200 - 2 0.001 0.009
2024-05-05 15:03:50,940 1 INFO odoo odoo.http: Session expired 
2024-05-05 15:03:50,940 1 INFO odoo werkzeug: 172.20.0.1 - - [05/May/2024 15:03:50] "POST /web/dataset/call_kw/ir.module.module/web_search_read HTTP/1.1" 200 - 2 0.002 0.008
2024-05-05 15:03:50,966 1 INFO odoo odoo.http: Session expired 
2024-05-05 15:03:50,966 1 INFO odoo werkzeug: 172.20.0.1 - - [05/May/2024 15:03:50] "POST /web/dataset/call_kw/ir.module.module/web_search_read HTTP/1.1" 200 - 2 0.003 0.017
2024-05-05 15:03:50,984 1 INFO odoo odoo.http: Session expired 
2024-05-05 15:03:50,984 1 INFO odoo werkzeug: 172.20.0.1 - - [05/May/2024 15:03:50] "POST /web/dataset/call_kw/ir.module.module/web_search_read HTTP/1.1" 200 - 2 0.002 0.010
2024-05-05 15:03:51,003 1 INFO odoo odoo.http: Session expired 
2024-05-05 15:03:51,003 1 INFO odoo werkzeug: 172.20.0.1 - - [05/May/2024 15:03:51] "POST /web/dataset/call_kw/ir.module.module/web_search_read HTTP/1.1" 200 - 2 0.001 0.011
2024-05-05 15:03:51,020 1 INFO odoo odoo.http: Session expired 
2024-05-05 15:03:51,021 1 INFO odoo werkzeug: 172.20.0.1 - - [05/May/2024 15:03:51] "POST /web/dataset/call_kw/ir.module.module/web_search_read HTTP/1.1" 200 - 2 0.001 0.010
2024-05-05 15:03:51,039 1 INFO odoo odoo.http: Session expired 
2024-05-05 15:03:51,039 1 INFO odoo werkzeug: 172.20.0.1 - - [05/May/2024 15:03:51] "POST /web/dataset/call_kw/ir.module.module/web_search_read HTTP/1.1" 200 - 2 0.002 0.010
2024-05-05 15:03:51,058 1 INFO odoo odoo.http: Session expired 
2024-05-05 15:03:51,058 1 INFO odoo werkzeug: 172.20.0.1 - - [05/May/2024 15:03:51] "POST /web/dataset/call_kw/ir.module.module/web_search_read HTTP/1.1" 200 - 2 0.002 0.011
2024-05-05 15:03:51,076 1 INFO odoo odoo.http: Session expired 
2024-05-05 15:03:51,077 1 INFO odoo werkzeug: 172.20.0.1 - - [05/May/2024 15:03:51] "POST /web/dataset/call_kw/ir.module.module/web_search_read HTTP/1.1" 200 - 2 0.002 0.010
2024-05-05 15:03:51,093 1 INFO odoo odoo.http: Session expired 
2024-05-05 15:03:51,093 1 INFO odoo werkzeug: 172.20.0.1 - - [05/May/2024 15:03:51] "POST /web/dataset/call_kw/ir.module.module/web_search_read HTTP/1.1" 200 - 2 0.001 0.011
2024-05-05 15:03:51,111 1 INFO odoo odoo.http: Session expired 
2024-05-05 15:03:51,111 1 INFO odoo werkzeug: 172.20.0.1 - - [05/May/2024 15:03:51] "POST /web/dataset/call_kw/ir.module.module/web_search_read HTTP/1.1" 200 - 2 0.002 0.011
2024-05-05 15:03:51,131 1 INFO odoo odoo.http: Session expired 
2024-05-05 15:03:51,131 1 INFO odoo werkzeug: 172.20.0.1 - - [05/May/2024 15:03:51] "POST /web/dataset/call_kw/ir.module.module/web_search_read HTTP/1.1" 200 - 2 0.002 0.011
2024-05-05 15:03:51,152 1 INFO odoo odoo.http: Session expired 
2024-05-05 15:03:51,152 1 INFO odoo werkzeug: 172.20.0.1 - - [05/May/2024 15:03:51] "POST /web/dataset/call_kw/ir.module.module/web_search_read HTTP/1.1" 200 - 2 0.002 0.011
2024-05-05 15:03:51,172 1 INFO odoo odoo.http: Session expired 
2024-05-05 15:03:51,172 1 INFO odoo werkzeug: 172.20.0.1 - - [05/May/2024 15:03:51] "POST /web/dataset/call_kw/ir.module.module/web_search_read HTTP/1.1" 200 - 2 0.001 0.010
2024-05-05 15:03:51,191 1 INFO odoo odoo.http: Session expired 
2024-05-05 15:03:51,191 1 INFO odoo werkzeug: 172.20.0.1 - - [05/May/2024 15:03:51] "POST /web/dataset/call_kw/ir.module.module/web_search_read HTTP/1.1" 200 - 2 0.001 0.010
2024-05-05 15:03:51,210 1 INFO odoo odoo.http: Session expired 
2024-05-05 15:03:51,210 1 INFO odoo werkzeug: 172.20.0.1 - - [05/May/2024 15:03:51] "POST /web/dataset/call_kw/ir.module.module/web_search_read HTTP/1.1" 200 - 2 0.002 0.011
2024-05-05 15:03:51,230 1 INFO odoo odoo.http: Session expired 
2024-05-05 15:03:51,230 1 INFO odoo werkzeug: 172.20.0.1 - - [05/May/2024 15:03:51] "POST /web/dataset/call_kw/ir.module.module/web_search_read HTTP/1.1" 200 - 2 0.002 0.011
2024-05-05 15:03:51,250 1 INFO odoo odoo.http: Session expired 
2024-05-05 15:03:51,250 1 INFO odoo werkzeug: 172.20.0.1 - - [05/May/2024 15:03:51] "POST /web/dataset/call_kw/ir.module.module/web_search_read HTTP/1.1" 200 - 2 0.002 0.012
2024-05-05 15:03:51,269 1 INFO odoo odoo.http: Session expired 
2024-05-05 15:03:51,269 1 INFO odoo werkzeug: 172.20.0.1 - - [05/May/2024 15:03:51] "POST /web/dataset/call_kw/ir.module.module/web_search_read HTTP/1.1" 200 - 2 0.002 0.010
2024-05-05 15:03:51,285 1 INFO odoo odoo.http: Session expired 
2024-05-05 15:03:51,285 1 INFO odoo werkzeug: 172.20.0.1 - - [05/May/2024 15:03:51] "POST /web/dataset/call_kw/ir.module.module/web_search_read HTTP/1.1" 200 - 2 0.001 0.009
2024-05-05 15:03:51,302 1 INFO odoo odoo.http: Session expired 
2024-05-05 15:03:51,302 1 INFO odoo werkzeug: 172.20.0.1 - - [05/May/2024 15:03:51] "POST /web/dataset/call_kw/ir.module.module/web_search_read HTTP/1.1" 200 - 2 0.001 0.010
2024-05-05 15:03:51,318 1 INFO odoo odoo.http: Session expired 
2024-05-05 15:03:51,318 1 INFO odoo werkzeug: 172.20.0.1 - - [05/May/2024 15:03:51] "POST /web/dataset/call_kw/ir.module.module/web_search_read HTTP/1.1" 200 - 2 0.001 0.010
2024-05-05 15:03:51,338 1 INFO odoo odoo.http: Session expired 
2024-05-05 15:03:51,338 1 INFO odoo werkzeug: 172.20.0.1 - - [05/May/2024 15:03:51] "POST /web/dataset/call_kw/ir.module.module/web_search_read HTTP/1.1" 200 - 2 0.002 0.013
2024-05-05 15:03:51,357 1 INFO odoo odoo.http: Session expired 
2024-05-05 15:03:51,357 1 INFO odoo werkzeug: 172.20.0.1 - - [05/May/2024 15:03:51] "POST /web/dataset/call_kw/ir.module.module/web_search_read HTTP/1.1" 200 - 2 0.001 0.012
2024-05-05 15:03:51,375 1 INFO odoo odoo.http: Session expired 
2024-05-05 15:03:51,376 1 INFO odoo werkzeug: 172.20.0.1 - - [05/May/2024 15:03:51] "POST /web/dataset/call_kw/ir.module.module/web_search_read HTTP/1.1" 200 - 2 0.001 0.010
2024-05-05 15:03:51,393 1 INFO odoo odoo.http: Session expired 
2024-05-05 15:03:51,393 1 INFO odoo werkzeug: 172.20.0.1 - - [05/May/2024 15:03:51] "POST /web/dataset/call_kw/ir.module.module/web_search_read HTTP/1.1" 200 - 2 0.002 0.010
2024-05-05 15:03:51,410 1 INFO odoo odoo.http: Session expired 
2024-05-05 15:03:51,410 1 INFO odoo werkzeug: 172.20.0.1 - - [05/May/2024 15:03:51] "POST /web/dataset/call_kw/ir.module.module/web_search_read HTTP/1.1" 200 - 2 0.001 0.010
2024-05-05 15:03:51,426 1 INFO odoo odoo.http: Session expired 
2024-05-05 15:03:51,426 1 INFO odoo werkzeug: 172.20.0.1 - - [05/May/2024 15:03:51] "POST /web/dataset/call_kw/ir.module.module/web_search_read HTTP/1.1" 200 - 2 0.001 0.009
2024-05-05 15:03:51,446 1 INFO odoo odoo.http: Session expired 
2024-05-05 15:03:51,447 1 INFO odoo werkzeug: 172.20.0.1 - - [05/May/2024 15:03:51] "POST /web/dataset/call_kw/ir.module.module/web_search_read HTTP/1.1" 200 - 2 0.002 0.013
2024-05-05 15:03:51,465 1 INFO odoo odoo.http: Session expired 
2024-05-05 15:03:51,465 1 INFO odoo werkzeug: 172.20.0.1 - - [05/May/2024 15:03:51] "POST /web/dataset/call_kw/ir.module.module/web_search_read HTTP/1.1" 200 - 2 0.002 0.011
2024-05-05 15:03:51,484 1 INFO odoo odoo.http: Session expired 
2024-05-05 15:03:51,485 1 INFO odoo werkzeug: 172.20.0.1 - - [05/May/2024 15:03:51] "POST /web/dataset/call_kw/ir.module.module/web_search_read HTTP/1.1" 200 - 2 0.002 0.012
2024-05-05 15:03:51,502 1 INFO odoo odoo.http: Session expired 
2024-05-05 15:03:51,502 1 INFO odoo werkzeug: 172.20.0.1 - - [05/May/2024 15:03:51] "POST /web/dataset/call_kw/ir.module.module/web_search_read HTTP/1.1" 200 - 2 0.002 0.010
2024-05-05 15:03:51,519 1 INFO odoo odoo.http: Session expired 
2024-05-05 15:03:51,519 1 INFO odoo werkzeug: 172.20.0.1 - - [05/May/2024 15:03:51] "POST /web/dataset/call_kw/ir.module.module/web_search_read HTTP/1.1" 200 - 2 0.001 0.010
2024-05-05 15:03:51,540 1 INFO odoo odoo.http: Session expired 
2024-05-05 15:03:51,540 1 INFO odoo werkzeug: 172.20.0.1 - - [05/May/2024 15:03:51] "POST /web/dataset/call_kw/ir.module.module/web_search_read HTTP/1.1" 200 - 2 0.002 0.012
2024-05-05 15:03:51,560 1 INFO odoo odoo.http: Session expired 
2024-05-05 15:03:51,560 1 INFO odoo werkzeug: 172.20.0.1 - - [05/May/2024 15:03:51] "POST /web/dataset/call_kw/ir.module.module/web_search_read HTTP/1.1" 200 - 2 0.002 0.011
2024-05-05 15:03:51,578 1 INFO odoo odoo.http: Session expired 
2024-05-05 15:03:51,579 1 INFO odoo werkzeug: 172.20.0.1 - - [05/May/2024 15:03:51] "POST /web/dataset/call_kw/ir.module.module/web_search_read HTTP/1.1" 200 - 2 0.002 0.010
2024-05-05 15:03:51,597 1 INFO odoo odoo.http: Session expired 
2024-05-05 15:03:51,597 1 INFO odoo werkzeug: 172.20.0.1 - - [05/May/2024 15:03:51] "POST /web/dataset/call_kw/ir.module.module/web_search_read HTTP/1.1" 200 - 2 0.002 0.011
2024-05-05 15:03:51,615 1 INFO odoo odoo.http: Session expired 
2024-05-05 15:03:51,615 1 INFO odoo werkzeug: 172.20.0.1 - - [05/May/2024 15:03:51] "POST /web/dataset/call_kw/ir.module.module/web_search_read HTTP/1.1" 200 - 2 0.002 0.011
2024-05-05 15:03:51,634 1 INFO odoo odoo.http: Session expired 
2024-05-05 15:03:51,634 1 INFO odoo werkzeug: 172.20.0.1 - - [05/May/2024 15:03:51] "POST /web/dataset/call_kw/ir.module.module/web_search_read HTTP/1.1" 200 - 2 0.001 0.011
2024-05-05 15:03:51,655 1 INFO odoo odoo.http: Session expired 
2024-05-05 15:03:51,655 1 INFO odoo werkzeug: 172.20.0.1 - - [05/May/2024 15:03:51] "POST /web/dataset/call_kw/ir.module.module/web_search_read HTTP/1.1" 200 - 2 0.002 0.013
2024-05-05 15:03:51,677 1 INFO odoo odoo.http: Session expired 
2024-05-05 15:03:51,677 1 INFO odoo werkzeug: 172.20.0.1 - - [05/May/2024 15:03:51] "POST /web/dataset/call_kw/ir.module.module/web_search_read HTTP/1.1" 200 - 2 0.002 0.012
2024-05-05 15:03:51,694 1 INFO odoo odoo.http: Session expired 
2024-05-05 15:03:51,695 1 INFO odoo werkzeug: 172.20.0.1 - - [05/May/2024 15:03:51] "POST /web/dataset/call_kw/ir.module.module/web_search_read HTTP/1.1" 200 - 2 0.001 0.009
2024-05-05 15:03:51,712 1 INFO odoo odoo.http: Session expired 
2024-05-05 15:03:51,712 1 INFO odoo werkzeug: 172.20.0.1 - - [05/May/2024 15:03:51] "POST /web/dataset/call_kw/ir.module.module/web_search_read HTTP/1.1" 200 - 2 0.001 0.011
2024-05-05 15:03:51,732 1 INFO odoo odoo.http: Session expired 
2024-05-05 15:03:51,732 1 INFO odoo werkzeug: 172.20.0.1 - - [05/May/2024 15:03:51] "POST /web/dataset/call_kw/ir.module.module/web_search_read HTTP/1.1" 200 - 2 0.002 0.012
2024-05-05 15:03:51,749 1 INFO odoo odoo.http: Session expired 
2024-05-05 15:03:51,750 1 INFO odoo werkzeug: 172.20.0.1 - - [05/May/2024 15:03:51] "POST /web/dataset/call_kw/ir.module.module/web_search_read HTTP/1.1" 200 - 2 0.001 0.010
2024-05-05 15:03:51,767 1 INFO odoo odoo.http: Session expired 
2024-05-05 15:03:51,767 1 INFO odoo werkzeug: 172.20.0.1 - - [05/May/2024 15:03:51] "POST /web/dataset/call_kw/ir.module.module/web_search_read HTTP/1.1" 200 - 2 0.002 0.010
2024-05-05 15:03:51,783 1 INFO odoo odoo.http: Session expired 
2024-05-05 15:03:51,783 1 INFO odoo werkzeug: 172.20.0.1 - - [05/May/2024 15:03:51] "POST /web/dataset/call_kw/ir.module.module/web_search_read HTTP/1.1" 200 - 2 0.002 0.009
2024-05-05 15:03:51,798 1 INFO odoo odoo.http: Session expired 
2024-05-05 15:03:51,799 1 INFO odoo werkzeug: 172.20.0.1 - - [05/May/2024 15:03:51] "POST /web/dataset/call_kw/ir.module.module/web_search_read HTTP/1.1" 200 - 2 0.001 0.009
2024-05-05 15:03:51,816 1 INFO odoo odoo.http: Session expired 
2024-05-05 15:03:51,816 1 INFO odoo werkzeug: 172.20.0.1 - - [05/May/2024 15:03:51] "POST /web/dataset/call_kw/ir.module.module/web_search_read HTTP/1.1" 200 - 2 0.001 0.009
2024-05-05 15:03:51,840 1 INFO odoo odoo.http: Session expired 
2024-05-05 15:03:51,840 1 INFO odoo werkzeug: 172.20.0.1 - - [05/May/2024 15:03:51] "POST /web/dataset/call_kw/ir.module.module/web_search_read HTTP/1.1" 200 - 2 0.003 0.016
2024-05-05 15:03:51,858 1 INFO odoo odoo.http: Session expired 
2024-05-05 15:03:51,859 1 INFO odoo werkzeug: 172.20.0.1 - - [05/May/2024 15:03:51] "POST /web/dataset/call_kw/ir.module.module/web_search_read HTTP/1.1" 200 - 2 0.001 0.010
2024-05-05 15:03:51,875 1 INFO odoo odoo.http: Session expired 
2024-05-05 15:03:51,875 1 INFO odoo werkzeug: 172.20.0.1 - - [05/May/2024 15:03:51] "POST /web/dataset/call_kw/ir.module.module/web_search_read HTTP/1.1" 200 - 2 0.001 0.009
2024-05-05 15:03:51,890 1 INFO odoo odoo.http: Session expired 
2024-05-05 15:03:51,890 1 INFO odoo werkzeug: 172.20.0.1 - - [05/May/2024 15:03:51] "POST /web/dataset/call_kw/ir.module.module/web_search_read HTTP/1.1" 200 - 2 0.002 0.008
2024-05-05 15:03:51,911 1 INFO odoo odoo.http: Session expired 
2024-05-05 15:03:51,911 1 INFO odoo werkzeug: 172.20.0.1 - - [05/May/2024 15:03:51] "POST /web/dataset/call_kw/ir.module.module/web_search_read HTTP/1.1" 200 - 2 0.002 0.012
2024-05-05 15:03:51,931 1 INFO odoo odoo.http: Session expired 
2024-05-05 15:03:51,931 1 INFO odoo werkzeug: 172.20.0.1 - - [05/May/2024 15:03:51] "POST /web/dataset/call_kw/ir.module.module/web_search_read HTTP/1.1" 200 - 2 0.002 0.012
2024-05-05 15:03:51,951 1 INFO odoo odoo.http: Session expired 
2024-05-05 15:03:51,951 1 INFO odoo werkzeug: 172.20.0.1 - - [05/May/2024 15:03:51] "POST /web/dataset/call_kw/ir.module.module/web_search_read HTTP/1.1" 200 - 2 0.001 0.013
2024-05-05 15:03:51,970 1 INFO odoo odoo.http: Session expired 
2024-05-05 15:03:51,971 1 INFO odoo werkzeug: 172.20.0.1 - - [05/May/2024 15:03:51] "POST /web/dataset/call_kw/ir.module.module/web_search_read HTTP/1.1" 200 - 2 0.001 0.010
2024-05-05 15:03:51,989 1 INFO odoo odoo.http: Session expired 
2024-05-05 15:03:51,989 1 INFO odoo werkzeug: 172.20.0.1 - - [05/May/2024 15:03:51] "POST /web/dataset/call_kw/ir.module.module/web_search_read HTTP/1.1" 200 - 2 0.002 0.011
2024-05-05 15:03:52,007 1 INFO odoo odoo.http: Session expired 
2024-05-05 15:03:52,007 1 INFO odoo werkzeug: 172.20.0.1 - - [05/May/2024 15:03:52] "POST /web/dataset/call_kw/ir.module.module/web_search_read HTTP/1.1" 200 - 2 0.002 0.010
2024-05-05 15:03:52,026 1 INFO odoo odoo.http: Session expired 
2024-05-05 15:03:52,027 1 INFO odoo werkzeug: 172.20.0.1 - - [05/May/2024 15:03:52] "POST /web/dataset/call_kw/ir.module.module/web_search_read HTTP/1.1" 200 - 2 0.002 0.011
2024-05-05 15:03:52,044 1 INFO odoo odoo.http: Session expired 
2024-05-05 15:03:52,044 1 INFO odoo werkzeug: 172.20.0.1 - - [05/May/2024 15:03:52] "POST /web/dataset/call_kw/ir.module.module/web_search_read HTTP/1.1" 200 - 2 0.001 0.009
2024-05-05 15:03:52,060 1 INFO odoo odoo.http: Session expired 
2024-05-05 15:03:52,060 1 INFO odoo werkzeug: 172.20.0.1 - - [05/May/2024 15:03:52] "POST /web/dataset/call_kw/ir.module.module/web_search_read HTTP/1.1" 200 - 2 0.001 0.010
2024-05-05 15:03:52,082 1 INFO odoo odoo.http: Session expired 
2024-05-05 15:03:52,082 1 INFO odoo werkzeug: 172.20.0.1 - - [05/May/2024 15:03:52] "POST /web/dataset/call_kw/ir.module.module/web_search_read HTTP/1.1" 200 - 2 0.003 0.014
2024-05-05 15:03:52,102 1 INFO odoo odoo.http: Session expired 
2024-05-05 15:03:52,103 1 INFO odoo werkzeug: 172.20.0.1 - - [05/May/2024 15:03:52] "POST /web/dataset/call_kw/ir.module.module/web_search_read HTTP/1.1" 200 - 2 0.001 0.012
2024-05-05 15:03:52,121 1 INFO odoo odoo.http: Session expired 
2024-05-05 15:03:52,121 1 INFO odoo werkzeug: 172.20.0.1 - - [05/May/2024 15:03:52] "POST /web/dataset/call_kw/ir.module.module/web_search_read HTTP/1.1" 200 - 2 0.002 0.010
2024-05-05 15:03:52,140 1 INFO odoo odoo.http: Session expired 
2024-05-05 15:03:52,141 1 INFO odoo werkzeug: 172.20.0.1 - - [05/May/2024 15:03:52] "POST /web/dataset/call_kw/ir.module.module/web_search_read HTTP/1.1" 200 - 2 0.002 0.011
2024-05-05 15:03:52,163 1 INFO odoo odoo.http: Session expired 
2024-05-05 15:03:52,163 1 INFO odoo werkzeug: 172.20.0.1 - - [05/May/2024 15:03:52] "POST /web/dataset/call_kw/ir.module.module/web_search_read HTTP/1.1" 200 - 2 0.002 0.014
2024-05-05 15:03:52,181 1 INFO odoo odoo.http: Session expired 
2024-05-05 15:03:52,182 1 INFO odoo werkzeug: 172.20.0.1 - - [05/May/2024 15:03:52] "POST /web/dataset/call_kw/ir.module.module/web_search_read HTTP/1.1" 200 - 2 0.002 0.010
2024-05-05 15:03:52,198 1 INFO odoo odoo.http: Session expired 
2024-05-05 15:03:52,198 1 INFO odoo werkzeug: 172.20.0.1 - - [05/May/2024 15:03:52] "POST /web/dataset/call_kw/ir.module.module/web_search_read HTTP/1.1" 200 - 2 0.002 0.009
2024-05-05 15:03:52,214 1 INFO odoo odoo.http: Session expired 
2024-05-05 15:03:52,214 1 INFO odoo werkzeug: 172.20.0.1 - - [05/May/2024 15:03:52] "POST /web/dataset/call_kw/ir.module.module/web_search_read HTTP/1.1" 200 - 2 0.001 0.009
2024-05-05 15:03:52,231 1 INFO odoo odoo.http: Session expired 
2024-05-05 15:03:52,231 1 INFO odoo werkzeug: 172.20.0.1 - - [05/May/2024 15:03:52] "POST /web/dataset/call_kw/ir.module.module/web_search_read HTTP/1.1" 200 - 2 0.001 0.010
2024-05-05 15:03:52,249 1 INFO odoo odoo.http: Session expired 
2024-05-05 15:03:52,249 1 INFO odoo werkzeug: 172.20.0.1 - - [05/May/2024 15:03:52] "POST /web/dataset/call_kw/ir.module.module/web_search_read HTTP/1.1" 200 - 2 0.001 0.011
2024-05-05 15:03:52,268 1 INFO odoo odoo.http: Session expired 
2024-05-05 15:03:52,269 1 INFO odoo werkzeug: 172.20.0.1 - - [05/May/2024 15:03:52] "POST /web/dataset/call_kw/ir.module.module/web_search_read HTTP/1.1" 200 - 2 0.002 0.011
2024-05-05 15:03:52,284 1 INFO odoo odoo.http: Session expired 
2024-05-05 15:03:52,284 1 INFO odoo werkzeug: 172.20.0.1 - - [05/May/2024 15:03:52] "POST /web/dataset/call_kw/ir.module.module/web_search_read HTTP/1.1" 200 - 2 0.001 0.008
2024-05-05 15:03:52,301 1 INFO odoo odoo.http: Session expired 
2024-05-05 15:03:52,301 1 INFO odoo werkzeug: 172.20.0.1 - - [05/May/2024 15:03:52] "POST /web/dataset/call_kw/ir.module.module/web_search_read HTTP/1.1" 200 - 2 0.002 0.010
2024-05-05 15:03:52,319 1 INFO odoo odoo.http: Session expired 
2024-05-05 15:03:52,319 1 INFO odoo werkzeug: 172.20.0.1 - - [05/May/2024 15:03:52] "POST /web/dataset/call_kw/ir.module.module/web_search_read HTTP/1.1" 200 - 2 0.002 0.011
2024-05-05 15:03:52,335 1 INFO odoo odoo.http: Session expired 
2024-05-05 15:03:52,336 1 INFO odoo werkzeug: 172.20.0.1 - - [05/May/2024 15:03:52] "POST /web/dataset/call_kw/ir.module.module/web_search_read HTTP/1.1" 200 - 2 0.002 0.010
2024-05-05 15:03:52,355 1 INFO odoo odoo.http: Session expired 
2024-05-05 15:03:52,355 1 INFO odoo werkzeug: 172.20.0.1 - - [05/May/2024 15:03:52] "POST /web/dataset/call_kw/ir.module.module/web_search_read HTTP/1.1" 200 - 2 0.002 0.012
2024-05-05 15:03:52,377 1 INFO odoo odoo.http: Session expired 
2024-05-05 15:03:52,377 1 INFO odoo werkzeug: 172.20.0.1 - - [05/May/2024 15:03:52] "POST /web/dataset/call_kw/ir.module.module/web_search_read HTTP/1.1" 200 - 2 0.002 0.014
2024-05-05 15:03:52,403 1 INFO odoo odoo.http: Session expired 
2024-05-05 15:03:52,404 1 INFO odoo werkzeug: 172.20.0.1 - - [05/May/2024 15:03:52] "POST /web/dataset/call_kw/ir.module.module/web_search_read HTTP/1.1" 200 - 2 0.002 0.018
2024-05-05 15:03:52,424 1 INFO odoo odoo.http: Session expired 
2024-05-05 15:03:52,424 1 INFO odoo werkzeug: 172.20.0.1 - - [05/May/2024 15:03:52] "POST /web/dataset/call_kw/ir.module.module/web_search_read HTTP/1.1" 200 - 2 0.001 0.011
2024-05-05 15:03:52,441 1 INFO odoo odoo.http: Session expired 
2024-05-05 15:03:52,441 1 INFO odoo werkzeug: 172.20.0.1 - - [05/May/2024 15:03:52] "POST /web/dataset/call_kw/ir.module.module/web_search_read HTTP/1.1" 200 - 2 0.001 0.009
2024-05-05 15:03:52,460 1 INFO odoo odoo.http: Session expired 
2024-05-05 15:03:52,460 1 INFO odoo werkzeug: 172.20.0.1 - - [05/May/2024 15:03:52] "POST /web/dataset/call_kw/ir.module.module/web_search_read HTTP/1.1" 200 - 2 0.002 0.011
2024-05-05 15:03:52,479 1 INFO odoo odoo.http: Session expired 
2024-05-05 15:03:52,479 1 INFO odoo werkzeug: 172.20.0.1 - - [05/May/2024 15:03:52] "POST /web/dataset/call_kw/ir.module.module/web_search_read HTTP/1.1" 200 - 2 0.002 0.011
2024-05-05 15:03:52,495 1 INFO odoo odoo.http: Session expired 
2024-05-05 15:03:52,495 1 INFO odoo werkzeug: 172.20.0.1 - - [05/May/2024 15:03:52] "POST /web/dataset/call_kw/ir.module.module/web_search_read HTTP/1.1" 200 - 2 0.001 0.010
2024-05-05 15:03:52,511 1 INFO odoo odoo.http: Session expired 
2024-05-05 15:03:52,512 1 INFO odoo werkzeug: 172.20.0.1 - - [05/May/2024 15:03:52] "POST /web/dataset/call_kw/ir.module.module/web_search_read HTTP/1.1" 200 - 2 0.001 0.010
2024-05-05 15:03:52,531 1 INFO odoo odoo.http: Session expired 
2024-05-05 15:03:52,531 1 INFO odoo werkzeug: 172.20.0.1 - - [05/May/2024 15:03:52] "POST /web/dataset/call_kw/ir.module.module/web_search_read HTTP/1.1" 200 - 2 0.001 0.012
2024-05-05 15:03:52,549 1 INFO odoo odoo.http: Session expired 
2024-05-05 15:03:52,550 1 INFO odoo werkzeug: 172.20.0.1 - - [05/May/2024 15:03:52] "POST /web/dataset/call_kw/ir.module.module/web_search_read HTTP/1.1" 200 - 2 0.002 0.011
2024-05-05 15:03:52,566 1 INFO odoo odoo.http: Session expired 
2024-05-05 15:03:52,567 1 INFO odoo werkzeug: 172.20.0.1 - - [05/May/2024 15:03:52] "POST /web/dataset/call_kw/ir.module.module/web_search_read HTTP/1.1" 200 - 2 0.002 0.010
2024-05-05 15:03:52,584 1 INFO odoo odoo.http: Session expired 
2024-05-05 15:03:52,584 1 INFO odoo werkzeug: 172.20.0.1 - - [05/May/2024 15:03:52] "POST /web/dataset/call_kw/ir.module.module/web_search_read HTTP/1.1" 200 - 2 0.002 0.011
2024-05-05 15:03:52,602 1 INFO odoo odoo.http: Session expired 
2024-05-05 15:03:52,603 1 INFO odoo werkzeug: 172.20.0.1 - - [05/May/2024 15:03:52] "POST /web/dataset/call_kw/ir.module.module/web_search_read HTTP/1.1" 200 - 2 0.002 0.010
2024-05-05 15:03:52,621 1 INFO odoo odoo.http: Session expired 
2024-05-05 15:03:52,621 1 INFO odoo werkzeug: 172.20.0.1 - - [05/May/2024 15:03:52] "POST /web/dataset/call_kw/ir.module.module/web_search_read HTTP/1.1" 200 - 2 0.001 0.011
2024-05-05 15:03:52,638 1 INFO odoo odoo.http: Session expired 
2024-05-05 15:03:52,639 1 INFO odoo werkzeug: 172.20.0.1 - - [05/May/2024 15:03:52] "POST /web/dataset/call_kw/ir.module.module/web_search_read HTTP/1.1" 200 - 2 0.001 0.010
2024-05-05 15:03:52,659 1 INFO odoo odoo.http: Session expired 
2024-05-05 15:03:52,660 1 INFO odoo werkzeug: 172.20.0.1 - - [05/May/2024 15:03:52] "POST /web/dataset/call_kw/ir.module.module/web_search_read HTTP/1.1" 200 - 2 0.002 0.013
2024-05-05 15:03:52,680 1 INFO odoo odoo.http: Session expired 
2024-05-05 15:03:52,680 1 INFO odoo werkzeug: 172.20.0.1 - - [05/May/2024 15:03:52] "POST /web/dataset/call_kw/ir.module.module/web_search_read HTTP/1.1" 200 - 2 0.002 0.011
2024-05-05 15:03:52,699 1 INFO odoo odoo.http: Session expired 
2024-05-05 15:03:52,699 1 INFO odoo werkzeug: 172.20.0.1 - - [05/May/2024 15:03:52] "POST /web/dataset/call_kw/ir.module.module/web_search_read HTTP/1.1" 200 - 2 0.002 0.012
2024-05-05 15:03:52,718 1 INFO odoo odoo.http: Session expired 
2024-05-05 15:03:52,719 1 INFO odoo werkzeug: 172.20.0.1 - - [05/May/2024 15:03:52] "POST /web/dataset/call_kw/ir.module.module/web_search_read HTTP/1.1" 200 - 2 0.002 0.012
2024-05-05 15:03:52,740 1 INFO odoo odoo.http: Session expired 
2024-05-05 15:03:52,741 1 INFO odoo werkzeug: 172.20.0.1 - - [05/May/2024 15:03:52] "POST /web/dataset/call_kw/ir.module.module/web_search_read HTTP/1.1" 200 - 2 0.003 0.012
2024-05-05 15:03:52,758 1 INFO odoo odoo.http: Session expired 
2024-05-05 15:03:52,759 1 INFO odoo werkzeug: 172.20.0.1 - - [05/May/2024 15:03:52] "POST /web/dataset/call_kw/ir.module.module/web_search_read HTTP/1.1" 200 - 2 0.001 0.010
2024-05-05 15:03:52,776 1 INFO odoo odoo.http: Session expired 
2024-05-05 15:03:52,776 1 INFO odoo werkzeug: 172.20.0.1 - - [05/May/2024 15:03:52] "POST /web/dataset/call_kw/ir.module.module/web_search_read HTTP/1.1" 200 - 2 0.002 0.010
2024-05-05 15:03:52,794 1 INFO odoo odoo.http: Session expired 
2024-05-05 15:03:52,794 1 INFO odoo werkzeug: 172.20.0.1 - - [05/May/2024 15:03:52] "POST /web/dataset/call_kw/ir.module.module/web_search_read HTTP/1.1" 200 - 2 0.001 0.010
2024-05-05 15:03:52,812 1 INFO odoo odoo.http: Session expired 
2024-05-05 15:03:52,812 1 INFO odoo werkzeug: 172.20.0.1 - - [05/May/2024 15:03:52] "POST /web/dataset/call_kw/ir.module.module/web_search_read HTTP/1.1" 200 - 2 0.001 0.010
2024-05-05 15:03:52,830 1 INFO odoo odoo.http: Session expired 
2024-05-05 15:03:52,830 1 INFO odoo werkzeug: 172.20.0.1 - - [05/May/2024 15:03:52] "POST /web/dataset/call_kw/ir.module.module/web_search_read HTTP/1.1" 200 - 2 0.002 0.011
2024-05-05 15:03:52,848 1 INFO odoo odoo.http: Session expired 
2024-05-05 15:03:52,849 1 INFO odoo werkzeug: 172.20.0.1 - - [05/May/2024 15:03:52] "POST /web/dataset/call_kw/ir.module.module/web_search_read HTTP/1.1" 200 - 2 0.002 0.011
2024-05-05 15:03:52,868 1 INFO odoo odoo.http: Session expired 
2024-05-05 15:03:52,868 1 INFO odoo werkzeug: 172.20.0.1 - - [05/May/2024 15:03:52] "POST /web/dataset/call_kw/ir.module.module/web_search_read HTTP/1.1" 200 - 2 0.002 0.011
2024-05-05 15:03:52,895 1 INFO odoo odoo.http: Session expired 
2024-05-05 15:03:52,896 1 INFO odoo werkzeug: 172.20.0.1 - - [05/May/2024 15:03:52] "POST /web/dataset/call_kw/ir.module.module/web_search_read HTTP/1.1" 200 - 2 0.002 0.019
2024-05-05 15:03:52,917 1 INFO odoo odoo.http: Session expired 
2024-05-05 15:03:52,917 1 INFO odoo werkzeug: 172.20.0.1 - - [05/May/2024 15:03:52] "POST /web/dataset/call_kw/ir.module.module/web_search_read HTTP/1.1" 200 - 2 0.002 0.010
2024-05-05 15:03:52,936 1 INFO odoo odoo.http: Session expired 
2024-05-05 15:03:52,936 1 INFO odoo werkzeug: 172.20.0.1 - - [05/May/2024 15:03:52] "POST /web/dataset/call_kw/ir.module.module/web_search_read HTTP/1.1" 200 - 2 0.002 0.010
2024-05-05 15:03:52,956 1 INFO odoo odoo.http: Session expired 
2024-05-05 15:03:52,956 1 INFO odoo werkzeug: 172.20.0.1 - - [05/May/2024 15:03:52] "POST /web/dataset/call_kw/ir.module.module/web_search_read HTTP/1.1" 200 - 2 0.002 0.012
2024-05-05 15:03:52,974 1 INFO odoo odoo.http: Session expired 
2024-05-05 15:03:52,975 1 INFO odoo werkzeug: 172.20.0.1 - - [05/May/2024 15:03:52] "POST /web/dataset/call_kw/ir.module.module/web_search_read HTTP/1.1" 200 - 2 0.001 0.011
2024-05-05 15:03:52,993 1 INFO odoo odoo.http: Session expired 
2024-05-05 15:03:52,994 1 INFO odoo werkzeug: 172.20.0.1 - - [05/May/2024 15:03:52] "POST /web/dataset/call_kw/ir.module.module/web_search_read HTTP/1.1" 200 - 2 0.002 0.011
2024-05-05 15:03:53,014 1 INFO odoo odoo.http: Session expired 
2024-05-05 15:03:53,014 1 INFO odoo werkzeug: 172.20.0.1 - - [05/May/2024 15:03:53] "POST /web/dataset/call_kw/ir.module.module/web_search_read HTTP/1.1" 200 - 2 0.002 0.013
2024-05-05 15:03:53,037 1 INFO odoo odoo.http: Session expired 
2024-05-05 15:03:53,037 1 INFO odoo werkzeug: 172.20.0.1 - - [05/May/2024 15:03:53] "POST /web/dataset/call_kw/ir.module.module/web_search_read HTTP/1.1" 200 - 2 0.003 0.013
2024-05-05 15:03:53,057 1 INFO odoo odoo.http: Session expired 
2024-05-05 15:03:53,057 1 INFO odoo werkzeug: 172.20.0.1 - - [05/May/2024 15:03:53] "POST /web/dataset/call_kw/ir.module.module/web_search_read HTTP/1.1" 200 - 2 0.002 0.012
2024-05-05 15:03:53,076 1 INFO odoo odoo.http: Session expired 
2024-05-05 15:03:53,076 1 INFO odoo werkzeug: 172.20.0.1 - - [05/May/2024 15:03:53] "POST /web/dataset/call_kw/ir.module.module/web_search_read HTTP/1.1" 200 - 2 0.001 0.011
2024-05-05 15:03:53,096 1 INFO odoo odoo.http: Session expired 
2024-05-05 15:03:53,096 1 INFO odoo werkzeug: 172.20.0.1 - - [05/May/2024 15:03:53] "POST /web/dataset/call_kw/ir.module.module/web_search_read HTTP/1.1" 200 - 2 0.002 0.012
2024-05-05 15:03:53,113 1 INFO odoo odoo.http: Session expired 
2024-05-05 15:03:53,114 1 INFO odoo werkzeug: 172.20.0.1 - - [05/May/2024 15:03:53] "POST /web/dataset/call_kw/ir.module.module/web_search_read HTTP/1.1" 200 - 2 0.002 0.010
2024-05-05 15:03:53,131 1 INFO odoo odoo.http: Session expired 
2024-05-05 15:03:53,131 1 INFO odoo werkzeug: 172.20.0.1 - - [05/May/2024 15:03:53] "POST /web/dataset/call_kw/ir.module.module/web_search_read HTTP/1.1" 200 - 2 0.002 0.011
2024-05-05 15:03:53,150 1 INFO odoo odoo.http: Session expired 
2024-05-05 15:03:53,150 1 INFO odoo werkzeug: 172.20.0.1 - - [05/May/2024 15:03:53] "POST /web/dataset/call_kw/ir.module.module/web_search_read HTTP/1.1" 200 - 2 0.001 0.011
2024-05-05 15:03:53,168 1 INFO odoo odoo.http: Session expired 
2024-05-05 15:03:53,168 1 INFO odoo werkzeug: 172.20.0.1 - - [05/May/2024 15:03:53] "POST /web/dataset/call_kw/ir.module.module/web_search_read HTTP/1.1" 200 - 2 0.002 0.009
2024-05-05 15:03:53,187 1 INFO odoo odoo.http: Session expired 
2024-05-05 15:03:53,188 1 INFO odoo werkzeug: 172.20.0.1 - - [05/May/2024 15:03:53] "POST /web/dataset/call_kw/ir.module.module/web_search_read HTTP/1.1" 200 - 2 0.001 0.011
2024-05-05 15:03:53,206 1 INFO odoo odoo.http: Session expired 
2024-05-05 15:03:53,206 1 INFO odoo werkzeug: 172.20.0.1 - - [05/May/2024 15:03:53] "POST /web/dataset/call_kw/ir.module.module/web_search_read HTTP/1.1" 200 - 2 0.002 0.010
2024-05-05 15:03:53,224 1 INFO odoo odoo.http: Session expired 
2024-05-05 15:03:53,224 1 INFO odoo werkzeug: 172.20.0.1 - - [05/May/2024 15:03:53] "POST /web/dataset/call_kw/ir.module.module/web_search_read HTTP/1.1" 200 - 2 0.001 0.011
2024-05-05 15:03:53,243 1 INFO odoo odoo.http: Session expired 
2024-05-05 15:03:53,243 1 INFO odoo werkzeug: 172.20.0.1 - - [05/May/2024 15:03:53] "POST /web/dataset/call_kw/ir.module.module/web_search_read HTTP/1.1" 200 - 2 0.002 0.011
2024-05-05 15:03:53,259 1 INFO odoo odoo.http: Session expired 
2024-05-05 15:03:53,259 1 INFO odoo werkzeug: 172.20.0.1 - - [05/May/2024 15:03:53] "POST /web/dataset/call_kw/ir.module.module/web_search_read HTTP/1.1" 200 - 2 0.001 0.009
2024-05-05 15:03:53,276 1 INFO odoo odoo.http: Session expired 
2024-05-05 15:03:53,276 1 INFO odoo werkzeug: 172.20.0.1 - - [05/May/2024 15:03:53] "POST /web/dataset/call_kw/ir.module.module/web_search_read HTTP/1.1" 200 - 2 0.001 0.010
2024-05-05 15:03:53,296 1 INFO odoo odoo.http: Session expired 
2024-05-05 15:03:53,296 1 INFO odoo werkzeug: 172.20.0.1 - - [05/May/2024 15:03:53] "POST /web/dataset/call_kw/ir.module.module/web_search_read HTTP/1.1" 200 - 2 0.002 0.013
2024-05-05 15:03:53,314 1 INFO odoo odoo.http: Session expired 
2024-05-05 15:03:53,315 1 INFO odoo werkzeug: 172.20.0.1 - - [05/May/2024 15:03:53] "POST /web/dataset/call_kw/ir.module.module/web_search_read HTTP/1.1" 200 - 2 0.002 0.011
2024-05-05 15:03:53,332 1 INFO odoo odoo.http: Session expired 
2024-05-05 15:03:53,332 1 INFO odoo werkzeug: 172.20.0.1 - - [05/May/2024 15:03:53] "POST /web/dataset/call_kw/ir.module.module/web_search_read HTTP/1.1" 200 - 2 0.001 0.010
2024-05-05 15:03:53,350 1 INFO odoo odoo.http: Session expired 
2024-05-05 15:03:53,351 1 INFO odoo werkzeug: 172.20.0.1 - - [05/May/2024 15:03:53] "POST /web/dataset/call_kw/ir.module.module/web_search_read HTTP/1.1" 200 - 2 0.002 0.010
2024-05-05 15:03:53,367 1 INFO odoo odoo.http: Session expired 
2024-05-05 15:03:53,367 1 INFO odoo werkzeug: 172.20.0.1 - - [05/May/2024 15:03:53] "POST /web/dataset/call_kw/ir.module.module/web_search_read HTTP/1.1" 200 - 2 0.001 0.009
2024-05-05 15:03:53,382 1 INFO odoo odoo.http: Session expired 
2024-05-05 15:03:53,382 1 INFO odoo werkzeug: 172.20.0.1 - - [05/May/2024 15:03:53] "POST /web/dataset/call_kw/ir.module.module/web_search_read HTTP/1.1" 200 - 2 0.002 0.009
2024-05-05 15:03:53,399 1 INFO odoo odoo.http: Session expired 
2024-05-05 15:03:53,399 1 INFO odoo werkzeug: 172.20.0.1 - - [05/May/2024 15:03:53] "POST /web/dataset/call_kw/ir.module.module/web_search_read HTTP/1.1" 200 - 2 0.001 0.010
2024-05-05 15:03:53,419 1 INFO odoo odoo.http: Session expired 
2024-05-05 15:03:53,419 1 INFO odoo werkzeug: 172.20.0.1 - - [05/May/2024 15:03:53] "POST /web/dataset/call_kw/ir.module.module/web_search_read HTTP/1.1" 200 - 2 0.002 0.012
2024-05-05 15:03:53,442 1 INFO odoo odoo.http: Session expired 
2024-05-05 15:03:53,443 1 INFO odoo werkzeug: 172.20.0.1 - - [05/May/2024 15:03:53] "POST /web/dataset/call_kw/ir.module.module/web_search_read HTTP/1.1" 200 - 2 0.002 0.013
2024-05-05 15:03:53,460 1 INFO odoo odoo.http: Session expired 
2024-05-05 15:03:53,461 1 INFO odoo werkzeug: 172.20.0.1 - - [05/May/2024 15:03:53] "POST /web/dataset/call_kw/ir.module.module/web_search_read HTTP/1.1" 200 - 2 0.002 0.009
2024-05-05 15:03:53,479 1 INFO odoo odoo.http: Session expired 
2024-05-05 15:03:53,479 1 INFO odoo werkzeug: 172.20.0.1 - - [05/May/2024 15:03:53] "POST /web/dataset/call_kw/ir.module.module/web_search_read HTTP/1.1" 200 - 2 0.001 0.011
2024-05-05 15:03:53,497 1 INFO odoo odoo.http: Session expired 
2024-05-05 15:03:53,497 1 INFO odoo werkzeug: 172.20.0.1 - - [05/May/2024 15:03:53] "POST /web/dataset/call_kw/ir.module.module/web_search_read HTTP/1.1" 200 - 2 0.002 0.011
2024-05-05 15:03:53,516 1 INFO odoo odoo.http: Session expired 
2024-05-05 15:03:53,516 1 INFO odoo werkzeug: 172.20.0.1 - - [05/May/2024 15:03:53] "POST /web/dataset/call_kw/ir.module.module/web_search_read HTTP/1.1" 200 - 2 0.002 0.012
2024-05-05 15:03:53,534 1 INFO odoo odoo.http: Session expired 
2024-05-05 15:03:53,535 1 INFO odoo werkzeug: 172.20.0.1 - - [05/May/2024 15:03:53] "POST /web/dataset/call_kw/ir.module.module/web_search_read HTTP/1.1" 200 - 2 0.002 0.010
2024-05-05 15:03:53,552 1 INFO odoo odoo.http: Session expired 
2024-05-05 15:03:53,552 1 INFO odoo werkzeug: 172.20.0.1 - - [05/May/2024 15:03:53] "POST /web/dataset/call_kw/ir.module.module/web_search_read HTTP/1.1" 200 - 2 0.001 0.011
2024-05-05 15:03:53,573 1 INFO odoo odoo.http: Session expired 
2024-05-05 15:03:53,573 1 INFO odoo werkzeug: 172.20.0.1 - - [05/May/2024 15:03:53] "POST /web/dataset/call_kw/ir.module.module/web_search_read HTTP/1.1" 200 - 2 0.003 0.012
2024-05-05 15:03:53,614 1 INFO odoo odoo.http: Session expired 
2024-05-05 15:03:53,614 1 INFO odoo werkzeug: 172.20.0.1 - - [05/May/2024 15:03:53] "POST /web/dataset/call_kw/ir.module.module/web_search_read HTTP/1.1" 200 - 2 0.002 0.030
2024-05-05 15:03:53,638 1 INFO odoo odoo.http: Session expired 
2024-05-05 15:03:53,639 1 INFO odoo werkzeug: 172.20.0.1 - - [05/May/2024 15:03:53] "POST /web/dataset/call_kw/ir.module.module/web_search_read HTTP/1.1" 200 - 2 0.002 0.011
2024-05-05 15:03:53,658 1 INFO odoo odoo.http: Session expired 
2024-05-05 15:03:53,659 1 INFO odoo werkzeug: 172.20.0.1 - - [05/May/2024 15:03:53] "POST /web/dataset/call_kw/ir.module.module/web_search_read HTTP/1.1" 200 - 2 0.002 0.012
2024-05-05 15:03:53,676 1 INFO odoo odoo.http: Session expired 
2024-05-05 15:03:53,676 1 INFO odoo werkzeug: 172.20.0.1 - - [05/May/2024 15:03:53] "POST /web/dataset/call_kw/ir.module.module/web_search_read HTTP/1.1" 200 - 2 0.002 0.011
2024-05-05 15:03:53,695 1 INFO odoo odoo.http: Session expired 
2024-05-05 15:03:53,695 1 INFO odoo werkzeug: 172.20.0.1 - - [05/May/2024 15:03:53] "POST /web/dataset/call_kw/ir.module.module/web_search_read HTTP/1.1" 200 - 2 0.002 0.012
2024-05-05 15:03:53,716 1 INFO odoo odoo.http: Session expired 
2024-05-05 15:03:53,716 1 INFO odoo werkzeug: 172.20.0.1 - - [05/May/2024 15:03:53] "POST /web/dataset/call_kw/ir.module.module/web_search_read HTTP/1.1" 200 - 2 0.002 0.011
2024-05-05 15:03:53,740 1 INFO odoo odoo.http: Session expired 
2024-05-05 15:03:53,740 1 INFO odoo werkzeug: 172.20.0.1 - - [05/May/2024 15:03:53] "POST /web/dataset/call_kw/ir.module.module/web_search_read HTTP/1.1" 200 - 2 0.003 0.015
2024-05-05 15:03:53,761 1 INFO odoo odoo.http: Session expired 
2024-05-05 15:03:53,761 1 INFO odoo werkzeug: 172.20.0.1 - - [05/May/2024 15:03:53] "POST /web/dataset/call_kw/ir.module.module/web_search_read HTTP/1.1" 200 - 2 0.002 0.012
2024-05-05 15:03:53,781 1 INFO odoo odoo.http: Session expired 
2024-05-05 15:03:53,781 1 INFO odoo werkzeug: 172.20.0.1 - - [05/May/2024 15:03:53] "POST /web/dataset/call_kw/ir.module.module/web_search_read HTTP/1.1" 200 - 2 0.002 0.010
2024-05-05 15:03:53,801 1 INFO odoo odoo.http: Session expired 
2024-05-05 15:03:53,801 1 INFO odoo werkzeug: 172.20.0.1 - - [05/May/2024 15:03:53] "POST /web/dataset/call_kw/ir.module.module/web_search_read HTTP/1.1" 200 - 2 0.001 0.013
2024-05-05 15:03:53,818 1 INFO odoo odoo.http: Session expired 
2024-05-05 15:03:53,818 1 INFO odoo werkzeug: 172.20.0.1 - - [05/May/2024 15:03:53] "POST /web/dataset/call_kw/ir.module.module/web_search_read HTTP/1.1" 200 - 2 0.001 0.009
2024-05-05 15:03:53,834 1 INFO odoo odoo.http: Session expired 
2024-05-05 15:03:53,834 1 INFO odoo werkzeug: 172.20.0.1 - - [05/May/2024 15:03:53] "POST /web/dataset/call_kw/ir.module.module/web_search_read HTTP/1.1" 200 - 2 0.001 0.010
2024-05-05 15:03:53,850 1 INFO odoo odoo.http: Session expired 
2024-05-05 15:03:53,850 1 INFO odoo werkzeug: 172.20.0.1 - - [05/May/2024 15:03:53] "POST /web/dataset/call_kw/ir.module.module/web_search_read HTTP/1.1" 200 - 2 0.002 0.009
2024-05-05 15:03:53,867 1 INFO odoo odoo.http: Session expired 
2024-05-05 15:03:53,867 1 INFO odoo werkzeug: 172.20.0.1 - - [05/May/2024 15:03:53] "POST /web/dataset/call_kw/ir.module.module/web_search_read HTTP/1.1" 200 - 2 0.001 0.010
2024-05-05 15:03:53,884 1 INFO odoo odoo.http: Session expired 
2024-05-05 15:03:53,884 1 INFO odoo werkzeug: 172.20.0.1 - - [05/May/2024 15:03:53] "POST /web/dataset/call_kw/ir.module.module/web_search_read HTTP/1.1" 200 - 2 0.002 0.010
2024-05-05 15:03:53,900 1 INFO odoo odoo.http: Session expired 
2024-05-05 15:03:53,900 1 INFO odoo werkzeug: 172.20.0.1 - - [05/May/2024 15:03:53] "POST /web/dataset/call_kw/ir.module.module/web_search_read HTTP/1.1" 200 - 2 0.001 0.009
2024-05-05 15:03:53,916 1 INFO odoo odoo.http: Session expired 
2024-05-05 15:03:53,916 1 INFO odoo werkzeug: 172.20.0.1 - - [05/May/2024 15:03:53] "POST /web/dataset/call_kw/ir.module.module/web_search_read HTTP/1.1" 200 - 2 0.002 0.009
2024-05-05 15:03:53,931 1 INFO odoo odoo.http: Session expired 
2024-05-05 15:03:53,931 1 INFO odoo werkzeug: 172.20.0.1 - - [05/May/2024 15:03:53] "POST /web/dataset/call_kw/ir.module.module/web_search_read HTTP/1.1" 200 - 2 0.002 0.009
2024-05-05 15:03:53,951 1 INFO odoo odoo.http: Session expired 
2024-05-05 15:03:53,951 1 INFO odoo werkzeug: 172.20.0.1 - - [05/May/2024 15:03:53] "POST /web/dataset/call_kw/ir.module.module/web_search_read HTTP/1.1" 200 - 2 0.002 0.012
2024-05-05 15:03:53,971 1 INFO odoo odoo.http: Session expired 
2024-05-05 15:03:53,971 1 INFO odoo werkzeug: 172.20.0.1 - - [05/May/2024 15:03:53] "POST /web/dataset/call_kw/ir.module.module/web_search_read HTTP/1.1" 200 - 2 0.002 0.011
2024-05-05 15:03:53,989 1 INFO odoo odoo.http: Session expired 
2024-05-05 15:03:53,989 1 INFO odoo werkzeug: 172.20.0.1 - - [05/May/2024 15:03:53] "POST /web/dataset/call_kw/ir.module.module/web_search_read HTTP/1.1" 200 - 2 0.002 0.010
2024-05-05 15:03:54,009 1 INFO odoo odoo.http: Session expired 
2024-05-05 15:03:54,009 1 INFO odoo werkzeug: 172.20.0.1 - - [05/May/2024 15:03:54] "POST /web/dataset/call_kw/ir.module.module/web_search_read HTTP/1.1" 200 - 2 0.001 0.011
2024-05-05 15:03:54,026 1 INFO odoo odoo.http: Session expired 
2024-05-05 15:03:54,026 1 INFO odoo werkzeug: 172.20.0.1 - - [05/May/2024 15:03:54] "POST /web/dataset/call_kw/ir.module.module/web_search_read HTTP/1.1" 200 - 2 0.001 0.009
2024-05-05 15:03:54,042 1 INFO odoo odoo.http: Session expired 
2024-05-05 15:03:54,043 1 INFO odoo werkzeug: 172.20.0.1 - - [05/May/2024 15:03:54] "POST /web/dataset/call_kw/ir.module.module/web_search_read HTTP/1.1" 200 - 2 0.001 0.009
2024-05-05 15:03:54,061 1 INFO odoo odoo.http: Session expired 
2024-05-05 15:03:54,062 1 INFO odoo werkzeug: 172.20.0.1 - - [05/May/2024 15:03:54] "POST /web/dataset/call_kw/ir.module.module/web_search_read HTTP/1.1" 200 - 2 0.002 0.012
2024-05-05 15:03:54,080 1 INFO odoo odoo.http: Session expired 
2024-05-05 15:03:54,080 1 INFO odoo werkzeug: 172.20.0.1 - - [05/May/2024 15:03:54] "POST /web/dataset/call_kw/ir.module.module/web_search_read HTTP/1.1" 200 - 2 0.002 0.011
2024-05-05 15:03:54,099 1 INFO odoo odoo.http: Session expired 
2024-05-05 15:03:54,099 1 INFO odoo werkzeug: 172.20.0.1 - - [05/May/2024 15:03:54] "POST /web/dataset/call_kw/ir.module.module/web_search_read HTTP/1.1" 200 - 2 0.002 0.012
2024-05-05 15:03:54,118 1 INFO odoo odoo.http: Session expired 
2024-05-05 15:03:54,118 1 INFO odoo werkzeug: 172.20.0.1 - - [05/May/2024 15:03:54] "POST /web/dataset/call_kw/ir.module.module/web_search_read HTTP/1.1" 200 - 2 0.002 0.011
2024-05-05 15:03:54,135 1 INFO odoo odoo.http: Session expired 
2024-05-05 15:03:54,135 1 INFO odoo werkzeug: 172.20.0.1 - - [05/May/2024 15:03:54] "POST /web/dataset/call_kw/ir.module.module/web_search_read HTTP/1.1" 200 - 2 0.001 0.010
2024-05-05 15:03:54,153 1 INFO odoo odoo.http: Session expired 
2024-05-05 15:03:54,153 1 INFO odoo werkzeug: 172.20.0.1 - - [05/May/2024 15:03:54] "POST /web/dataset/call_kw/ir.module.module/web_search_read HTTP/1.1" 200 - 2 0.002 0.011
2024-05-05 15:03:54,176 1 INFO odoo odoo.http: Session expired 
2024-05-05 15:03:54,177 1 INFO odoo werkzeug: 172.20.0.1 - - [05/May/2024 15:03:54] "POST /web/dataset/call_kw/ir.module.module/web_search_read HTTP/1.1" 200 - 2 0.002 0.014
2024-05-05 15:03:54,192 1 INFO odoo odoo.http: Session expired 
2024-05-05 15:03:54,192 1 INFO odoo werkzeug: 172.20.0.1 - - [05/May/2024 15:03:54] "POST /web/dataset/call_kw/ir.module.module/web_search_read HTTP/1.1" 200 - 2 0.001 0.008
2024-05-05 15:03:54,211 1 INFO odoo odoo.http: Session expired 
2024-05-05 15:03:54,227 1 INFO odoo werkzeug: 172.20.0.1 - - [05/May/2024 15:03:54] "POST /web/dataset/call_kw/ir.module.module/web_search_read HTTP/1.1" 200 - 2 0.002 0.027
2024-05-05 15:03:54,245 1 INFO odoo odoo.http: Session expired 
2024-05-05 15:03:54,246 1 INFO odoo werkzeug: 172.20.0.1 - - [05/May/2024 15:03:54] "POST /web/dataset/call_kw/ir.module.module/web_search_read HTTP/1.1" 200 - 2 0.001 0.011
2024-05-05 15:03:54,263 1 INFO odoo odoo.http: Session expired 
2024-05-05 15:03:54,264 1 INFO odoo werkzeug: 172.20.0.1 - - [05/May/2024 15:03:54] "POST /web/dataset/call_kw/ir.module.module/web_search_read HTTP/1.1" 200 - 2 0.002 0.010
2024-05-05 15:03:54,283 1 INFO odoo odoo.http: Session expired 
2024-05-05 15:03:54,283 1 INFO odoo werkzeug: 172.20.0.1 - - [05/May/2024 15:03:54] "POST /web/dataset/call_kw/ir.module.module/web_search_read HTTP/1.1" 200 - 2 0.001 0.012
2024-05-05 15:03:54,303 1 INFO odoo odoo.http: Session expired 
2024-05-05 15:03:54,303 1 INFO odoo werkzeug: 172.20.0.1 - - [05/May/2024 15:03:54] "POST /web/dataset/call_kw/ir.module.module/web_search_read HTTP/1.1" 200 - 2 0.001 0.012
2024-05-05 15:03:54,334 1 INFO odoo odoo.http: Session expired 
2024-05-05 15:03:54,334 1 INFO odoo werkzeug: 172.20.0.1 - - [05/May/2024 15:03:54] "POST /web/dataset/call_kw/ir.module.module/web_search_read HTTP/1.1" 200 - 2 0.003 0.019
2024-05-05 15:03:54,354 1 INFO odoo odoo.http: Session expired 
2024-05-05 15:03:54,355 1 INFO odoo werkzeug: 172.20.0.1 - - [05/May/2024 15:03:54] "POST /web/dataset/call_kw/ir.module.module/web_search_read HTTP/1.1" 200 - 2 0.002 0.011
2024-05-05 15:03:54,372 1 INFO odoo odoo.http: Session expired 
2024-05-05 15:03:54,372 1 INFO odoo werkzeug: 172.20.0.1 - - [05/May/2024 15:03:54] "POST /web/dataset/call_kw/ir.module.module/web_search_read HTTP/1.1" 200 - 2 0.001 0.010
2024-05-05 15:03:54,390 1 INFO odoo odoo.http: Session expired 
2024-05-05 15:03:54,390 1 INFO odoo werkzeug: 172.20.0.1 - - [05/May/2024 15:03:54] "POST /web/dataset/call_kw/ir.module.module/web_search_read HTTP/1.1" 200 - 2 0.002 0.010
2024-05-05 15:03:54,410 1 INFO odoo odoo.http: Session expired 
2024-05-05 15:03:54,410 1 INFO odoo werkzeug: 172.20.0.1 - - [05/May/2024 15:03:54] "POST /web/dataset/call_kw/ir.module.module/web_search_read HTTP/1.1" 200 - 2 0.002 0.012
2024-05-05 15:03:54,429 1 INFO odoo odoo.http: Session expired 
2024-05-05 15:03:54,429 1 INFO odoo werkzeug: 172.20.0.1 - - [05/May/2024 15:03:54] "POST /web/dataset/call_kw/ir.module.module/web_search_read HTTP/1.1" 200 - 2 0.002 0.010
2024-05-05 15:03:54,447 1 INFO odoo odoo.http: Session expired 
2024-05-05 15:03:54,448 1 INFO odoo werkzeug: 172.20.0.1 - - [05/May/2024 15:03:54] "POST /web/dataset/call_kw/ir.module.module/web_search_read HTTP/1.1" 200 - 2 0.002 0.011
2024-05-05 15:03:54,468 1 INFO odoo odoo.http: Session expired 
2024-05-05 15:03:54,468 1 INFO odoo werkzeug: 172.20.0.1 - - [05/May/2024 15:03:54] "POST /web/dataset/call_kw/ir.module.module/web_search_read HTTP/1.1" 200 - 2 0.002 0.011
2024-05-05 15:03:54,487 1 INFO odoo odoo.http: Session expired 
2024-05-05 15:03:54,487 1 INFO odoo werkzeug: 172.20.0.1 - - [05/May/2024 15:03:54] "POST /web/dataset/call_kw/ir.module.module/web_search_read HTTP/1.1" 200 - 2 0.002 0.010
2024-05-05 15:03:54,506 1 INFO odoo odoo.http: Session expired 
2024-05-05 15:03:54,506 1 INFO odoo werkzeug: 172.20.0.1 - - [05/May/2024 15:03:54] "POST /web/dataset/call_kw/ir.module.module/web_search_read HTTP/1.1" 200 - 2 0.002 0.011
2024-05-05 15:03:54,525 1 INFO odoo odoo.http: Session expired 
2024-05-05 15:03:54,525 1 INFO odoo werkzeug: 172.20.0.1 - - [05/May/2024 15:03:54] "POST /web/dataset/call_kw/ir.module.module/web_search_read HTTP/1.1" 200 - 2 0.002 0.011
2024-05-05 15:03:54,544 1 INFO odoo odoo.http: Session expired 
2024-05-05 15:03:54,544 1 INFO odoo werkzeug: 172.20.0.1 - - [05/May/2024 15:03:54] "POST /web/dataset/call_kw/ir.module.module/web_search_read HTTP/1.1" 200 - 2 0.001 0.010
2024-05-05 15:03:54,563 1 INFO odoo odoo.http: Session expired 
2024-05-05 15:03:54,563 1 INFO odoo werkzeug: 172.20.0.1 - - [05/May/2024 15:03:54] "POST /web/dataset/call_kw/ir.module.module/web_search_read HTTP/1.1" 200 - 2 0.002 0.010
2024-05-05 15:03:54,584 1 INFO odoo odoo.http: Session expired 
2024-05-05 15:03:54,584 1 INFO odoo werkzeug: 172.20.0.1 - - [05/May/2024 15:03:54] "POST /web/dataset/call_kw/ir.module.module/web_search_read HTTP/1.1" 200 - 2 0.003 0.013
2024-05-05 15:03:54,603 1 INFO odoo odoo.http: Session expired 
2024-05-05 15:03:54,604 1 INFO odoo werkzeug: 172.20.0.1 - - [05/May/2024 15:03:54] "POST /web/dataset/call_kw/ir.module.module/web_search_read HTTP/1.1" 200 - 2 0.002 0.011
2024-05-05 15:03:54,626 1 INFO odoo odoo.http: Session expired 
2024-05-05 15:03:54,626 1 INFO odoo werkzeug: 172.20.0.1 - - [05/May/2024 15:03:54] "POST /web/dataset/call_kw/ir.module.module/web_search_read HTTP/1.1" 200 - 2 0.002 0.015
2024-05-05 15:03:54,643 1 INFO odoo odoo.http: Session expired 
2024-05-05 15:03:54,643 1 INFO odoo werkzeug: 172.20.0.1 - - [05/May/2024 15:03:54] "POST /web/dataset/call_kw/ir.module.module/web_search_read HTTP/1.1" 200 - 2 0.001 0.009
2024-05-05 15:03:54,661 1 INFO odoo odoo.http: Session expired 
2024-05-05 15:03:54,661 1 INFO odoo werkzeug: 172.20.0.1 - - [05/May/2024 15:03:54] "POST /web/dataset/call_kw/ir.module.module/web_search_read HTTP/1.1" 200 - 2 0.001 0.010
2024-05-05 15:03:54,679 1 INFO odoo odoo.http: Session expired 
2024-05-05 15:03:54,679 1 INFO odoo werkzeug: 172.20.0.1 - - [05/May/2024 15:03:54] "POST /web/dataset/call_kw/ir.module.module/web_search_read HTTP/1.1" 200 - 2 0.002 0.011
2024-05-05 15:03:54,694 1 INFO odoo odoo.http: Session expired 
2024-05-05 15:03:54,694 1 INFO odoo werkzeug: 172.20.0.1 - - [05/May/2024 15:03:54] "POST /web/dataset/call_kw/ir.module.module/web_search_read HTTP/1.1" 200 - 2 0.001 0.009
2024-05-05 15:03:54,713 1 INFO odoo odoo.http: Session expired 
2024-05-05 15:03:54,713 1 INFO odoo werkzeug: 172.20.0.1 - - [05/May/2024 15:03:54] "POST /web/dataset/call_kw/ir.module.module/web_search_read HTTP/1.1" 200 - 2 0.001 0.011
2024-05-05 15:03:54,728 1 INFO odoo odoo.http: Session expired 
2024-05-05 15:03:54,729 1 INFO odoo werkzeug: 172.20.0.1 - - [05/May/2024 15:03:54] "POST /web/dataset/call_kw/ir.module.module/web_search_read HTTP/1.1" 200 - 2 0.001 0.010
2024-05-05 15:03:54,746 1 INFO odoo odoo.http: Session expired 
2024-05-05 15:03:54,746 1 INFO odoo werkzeug: 172.20.0.1 - - [05/May/2024 15:03:54] "POST /web/dataset/call_kw/ir.module.module/web_search_read HTTP/1.1" 200 - 2 0.002 0.010
2024-05-05 15:03:54,767 1 INFO odoo odoo.http: Session expired 
2024-05-05 15:03:54,767 1 INFO odoo werkzeug: 172.20.0.1 - - [05/May/2024 15:03:54] "POST /web/dataset/call_kw/ir.module.module/web_search_read HTTP/1.1" 200 - 2 0.002 0.013
2024-05-05 15:03:54,786 1 INFO odoo odoo.http: Session expired 
2024-05-05 15:03:54,786 1 INFO odoo werkzeug: 172.20.0.1 - - [05/May/2024 15:03:54] "POST /web/dataset/call_kw/ir.module.module/web_search_read HTTP/1.1" 200 - 2 0.002 0.009
2024-05-05 15:03:54,806 1 INFO odoo odoo.http: Session expired 
2024-05-05 15:03:54,806 1 INFO odoo werkzeug: 172.20.0.1 - - [05/May/2024 15:03:54] "POST /web/dataset/call_kw/ir.module.module/web_search_read HTTP/1.1" 200 - 2 0.002 0.012
2024-05-05 15:03:54,825 1 INFO odoo odoo.http: Session expired 
2024-05-05 15:03:54,826 1 INFO odoo werkzeug: 172.20.0.1 - - [05/May/2024 15:03:54] "POST /web/dataset/call_kw/ir.module.module/web_search_read HTTP/1.1" 200 - 2 0.002 0.012
2024-05-05 15:03:54,845 1 INFO odoo odoo.http: Session expired 
2024-05-05 15:03:54,846 1 INFO odoo werkzeug: 172.20.0.1 - - [05/May/2024 15:03:54] "POST /web/dataset/call_kw/ir.module.module/web_search_read HTTP/1.1" 200 - 2 0.002 0.011
2024-05-05 15:03:54,864 1 INFO odoo odoo.http: Session expired 
2024-05-05 15:03:54,864 1 INFO odoo werkzeug: 172.20.0.1 - - [05/May/2024 15:03:54] "POST /web/dataset/call_kw/ir.module.module/web_search_read HTTP/1.1" 200 - 2 0.002 0.010
2024-05-05 15:03:54,881 1 INFO odoo odoo.http: Session expired 
2024-05-05 15:03:54,881 1 INFO odoo werkzeug: 172.20.0.1 - - [05/May/2024 15:03:54] "POST /web/dataset/call_kw/ir.module.module/web_search_read HTTP/1.1" 200 - 2 0.001 0.009
2024-05-05 15:03:54,901 1 INFO odoo odoo.http: Session expired 
2024-05-05 15:03:54,901 1 INFO odoo werkzeug: 172.20.0.1 - - [05/May/2024 15:03:54] "POST /web/dataset/call_kw/ir.module.module/web_search_read HTTP/1.1" 200 - 2 0.001 0.012
2024-05-05 15:03:54,920 1 INFO odoo odoo.http: Session expired 
2024-05-05 15:03:54,920 1 INFO odoo werkzeug: 172.20.0.1 - - [05/May/2024 15:03:54] "POST /web/dataset/call_kw/ir.module.module/web_search_read HTTP/1.1" 200 - 2 0.002 0.011
2024-05-05 15:03:54,939 1 INFO odoo odoo.http: Session expired 
2024-05-05 15:03:54,939 1 INFO odoo werkzeug: 172.20.0.1 - - [05/May/2024 15:03:54] "POST /web/dataset/call_kw/ir.module.module/web_search_read HTTP/1.1" 200 - 2 0.002 0.011
2024-05-05 15:03:54,957 1 INFO odoo odoo.http: Session expired 
2024-05-05 15:03:54,957 1 INFO odoo werkzeug: 172.20.0.1 - - [05/May/2024 15:03:54] "POST /web/dataset/call_kw/ir.module.module/web_search_read HTTP/1.1" 200 - 2 0.001 0.011
2024-05-05 15:03:54,974 1 INFO odoo odoo.http: Session expired 
2024-05-05 15:03:54,974 1 INFO odoo werkzeug: 172.20.0.1 - - [05/May/2024 15:03:54] "POST /web/dataset/call_kw/ir.module.module/web_search_read HTTP/1.1" 200 - 2 0.001 0.010
2024-05-05 15:03:54,994 1 INFO odoo odoo.http: Session expired 
2024-05-05 15:03:54,994 1 INFO odoo werkzeug: 172.20.0.1 - - [05/May/2024 15:03:54] "POST /web/dataset/call_kw/ir.module.module/web_search_read HTTP/1.1" 200 - 2 0.001 0.011
2024-05-05 15:03:55,014 1 INFO odoo odoo.http: Session expired 
2024-05-05 15:03:55,014 1 INFO odoo werkzeug: 172.20.0.1 - - [05/May/2024 15:03:55] "POST /web/dataset/call_kw/ir.module.module/web_search_read HTTP/1.1" 200 - 2 0.002 0.013
2024-05-05 15:03:55,034 1 INFO odoo odoo.http: Session expired 
2024-05-05 15:03:55,034 1 INFO odoo werkzeug: 172.20.0.1 - - [05/May/2024 15:03:55] "POST /web/dataset/call_kw/ir.module.module/web_search_read HTTP/1.1" 200 - 2 0.002 0.012
2024-05-05 15:03:55,064 1 INFO odoo odoo.http: Session expired 
2024-05-05 15:03:55,065 1 INFO odoo werkzeug: 172.20.0.1 - - [05/May/2024 15:03:55] "POST /web/dataset/call_kw/ir.module.module/web_search_read HTTP/1.1" 200 - 2 0.003 0.020
2024-05-05 15:03:55,086 1 INFO odoo odoo.http: Session expired 
2024-05-05 15:03:55,086 1 INFO odoo werkzeug: 172.20.0.1 - - [05/May/2024 15:03:55] "POST /web/dataset/call_kw/ir.module.module/web_search_read HTTP/1.1" 200 - 2 0.002 0.012
2024-05-05 15:03:55,106 1 INFO odoo odoo.http: Session expired 
2024-05-05 15:03:55,106 1 INFO odoo werkzeug: 172.20.0.1 - - [05/May/2024 15:03:55] "POST /web/dataset/call_kw/ir.module.module/web_search_read HTTP/1.1" 200 - 2 0.002 0.011
2024-05-05 15:03:55,125 1 INFO odoo odoo.http: Session expired 
2024-05-05 15:03:55,125 1 INFO odoo werkzeug: 172.20.0.1 - - [05/May/2024 15:03:55] "POST /web/dataset/call_kw/ir.module.module/web_search_read HTTP/1.1" 200 - 2 0.002 0.011
2024-05-05 15:03:55,144 1 INFO odoo odoo.http: Session expired 
2024-05-05 15:03:55,144 1 INFO odoo werkzeug: 172.20.0.1 - - [05/May/2024 15:03:55] "POST /web/dataset/call_kw/ir.module.module/web_search_read HTTP/1.1" 200 - 2 0.001 0.009
2024-05-05 15:03:55,163 1 INFO odoo odoo.http: Session expired 
2024-05-05 15:03:55,164 1 INFO odoo werkzeug: 172.20.0.1 - - [05/May/2024 15:03:55] "POST /web/dataset/call_kw/ir.module.module/web_search_read HTTP/1.1" 200 - 2 0.001 0.012
2024-05-05 15:03:55,181 1 INFO odoo odoo.http: Session expired 
2024-05-05 15:03:55,182 1 INFO odoo werkzeug: 172.20.0.1 - - [05/May/2024 15:03:55] "POST /web/dataset/call_kw/ir.module.module/web_search_read HTTP/1.1" 200 - 2 0.002 0.010
2024-05-05 15:03:55,202 1 INFO odoo odoo.http: Session expired 
2024-05-05 15:03:55,202 1 INFO odoo werkzeug: 172.20.0.1 - - [05/May/2024 15:03:55] "POST /web/dataset/call_kw/ir.module.module/web_search_read HTTP/1.1" 200 - 2 0.002 0.012
2024-05-05 15:03:55,221 1 INFO odoo odoo.http: Session expired 
2024-05-05 15:03:55,222 1 INFO odoo werkzeug: 172.20.0.1 - - [05/May/2024 15:03:55] "POST /web/dataset/call_kw/ir.module.module/web_search_read HTTP/1.1" 200 - 2 0.001 0.011
2024-05-05 15:03:55,243 1 INFO odoo odoo.http: Session expired 
2024-05-05 15:03:55,243 1 INFO odoo werkzeug: 172.20.0.1 - - [05/May/2024 15:03:55] "POST /web/dataset/call_kw/ir.module.module/web_search_read HTTP/1.1" 200 - 2 0.002 0.011
2024-05-05 15:03:55,265 1 INFO odoo odoo.http: Session expired 
2024-05-05 15:03:55,265 1 INFO odoo werkzeug: 172.20.0.1 - - [05/May/2024 15:03:55] "POST /web/dataset/call_kw/ir.module.module/web_search_read HTTP/1.1" 200 - 2 0.002 0.012
2024-05-05 15:03:55,285 1 INFO odoo odoo.http: Session expired 
2024-05-05 15:03:55,285 1 INFO odoo werkzeug: 172.20.0.1 - - [05/May/2024 15:03:55] "POST /web/dataset/call_kw/ir.module.module/web_search_read HTTP/1.1" 200 - 2 0.002 0.011
2024-05-05 15:03:55,306 1 INFO odoo odoo.http: Session expired 
2024-05-05 15:03:55,307 1 INFO odoo werkzeug: 172.20.0.1 - - [05/May/2024 15:03:55] "POST /web/dataset/call_kw/ir.module.module/web_search_read HTTP/1.1" 200 - 2 0.002 0.012
2024-05-05 15:03:55,330 1 INFO odoo odoo.http: Session expired 
2024-05-05 15:03:55,330 1 INFO odoo werkzeug: 172.20.0.1 - - [05/May/2024 15:03:55] "POST /web/dataset/call_kw/ir.module.module/web_search_read HTTP/1.1" 200 - 2 0.002 0.013
2024-05-05 15:03:55,348 1 INFO odoo odoo.http: Session expired 
2024-05-05 15:03:55,348 1 INFO odoo werkzeug: 172.20.0.1 - - [05/May/2024 15:03:55] "POST /web/dataset/call_kw/ir.module.module/web_search_read HTTP/1.1" 200 - 2 0.002 0.010
2024-05-05 15:03:55,367 1 INFO odoo odoo.http: Session expired 
2024-05-05 15:03:55,367 1 INFO odoo werkzeug: 172.20.0.1 - - [05/May/2024 15:03:55] "POST /web/dataset/call_kw/ir.module.module/web_search_read HTTP/1.1" 200 - 2 0.001 0.010
2024-05-05 15:03:55,382 1 INFO odoo odoo.http: Session expired 
2024-05-05 15:03:55,383 1 INFO odoo werkzeug: 172.20.0.1 - - [05/May/2024 15:03:55] "POST /web/dataset/call_kw/ir.module.module/web_search_read HTTP/1.1" 200 - 2 0.001 0.009
2024-05-05 15:03:55,402 1 INFO odoo odoo.http: Session expired 
2024-05-05 15:03:55,403 1 INFO odoo werkzeug: 172.20.0.1 - - [05/May/2024 15:03:55] "POST /web/dataset/call_kw/ir.module.module/web_search_read HTTP/1.1" 200 - 2 0.002 0.012
2024-05-05 15:03:55,424 1 INFO odoo odoo.http: Session expired 
2024-05-05 15:03:55,424 1 INFO odoo werkzeug: 172.20.0.1 - - [05/May/2024 15:03:55] "POST /web/dataset/call_kw/ir.module.module/web_search_read HTTP/1.1" 200 - 2 0.002 0.013
2024-05-05 15:03:55,444 1 INFO odoo odoo.http: Session expired 
2024-05-05 15:03:55,445 1 INFO odoo werkzeug: 172.20.0.1 - - [05/May/2024 15:03:55] "POST /web/dataset/call_kw/ir.module.module/web_search_read HTTP/1.1" 200 - 2 0.002 0.011
2024-05-05 15:03:55,465 1 INFO odoo odoo.http: Session expired 
2024-05-05 15:03:55,465 1 INFO odoo werkzeug: 172.20.0.1 - - [05/May/2024 15:03:55] "POST /web/dataset/call_kw/ir.module.module/web_search_read HTTP/1.1" 200 - 2 0.002 0.011
2024-05-05 15:03:55,484 1 INFO odoo odoo.http: Session expired 
2024-05-05 15:03:55,484 1 INFO odoo werkzeug: 172.20.0.1 - - [05/May/2024 15:03:55] "POST /web/dataset/call_kw/ir.module.module/web_search_read HTTP/1.1" 200 - 2 0.002 0.011
2024-05-05 15:03:55,501 1 INFO odoo odoo.http: Session expired 
2024-05-05 15:03:55,501 1 INFO odoo werkzeug: 172.20.0.1 - - [05/May/2024 15:03:55] "POST /web/dataset/call_kw/ir.module.module/web_search_read HTTP/1.1" 200 - 2 0.001 0.009
2024-05-05 15:03:55,519 1 INFO odoo odoo.http: Session expired 
2024-05-05 15:03:55,519 1 INFO odoo werkzeug: 172.20.0.1 - - [05/May/2024 15:03:55] "POST /web/dataset/call_kw/ir.module.module/web_search_read HTTP/1.1" 200 - 2 0.002 0.010
2024-05-05 15:03:55,538 1 INFO odoo odoo.http: Session expired 
2024-05-05 15:03:55,539 1 INFO odoo werkzeug: 172.20.0.1 - - [05/May/2024 15:03:55] "POST /web/dataset/call_kw/ir.module.module/web_search_read HTTP/1.1" 200 - 2 0.002 0.011
2024-05-05 15:03:55,561 1 INFO odoo odoo.http: Session expired 
2024-05-05 15:03:55,561 1 INFO odoo werkzeug: 172.20.0.1 - - [05/May/2024 15:03:55] "POST /web/dataset/call_kw/ir.module.module/web_search_read HTTP/1.1" 200 - 2 0.003 0.013
2024-05-05 15:03:55,590 1 INFO odoo odoo.http: Session expired 
2024-05-05 15:03:55,591 1 INFO odoo werkzeug: 172.20.0.1 - - [05/May/2024 15:03:55] "POST /web/dataset/call_kw/ir.module.module/web_search_read HTTP/1.1" 200 - 2 0.003 0.019
2024-05-05 15:03:55,611 1 INFO odoo odoo.http: Session expired 
2024-05-05 15:03:55,611 1 INFO odoo werkzeug: 172.20.0.1 - - [05/May/2024 15:03:55] "POST /web/dataset/call_kw/ir.module.module/web_search_read HTTP/1.1" 200 - 2 0.001 0.010
2024-05-05 15:03:55,629 1 INFO odoo odoo.http: Session expired 
2024-05-05 15:03:55,629 1 INFO odoo werkzeug: 172.20.0.1 - - [05/May/2024 15:03:55] "POST /web/dataset/call_kw/ir.module.module/web_search_read HTTP/1.1" 200 - 2 0.002 0.011
2024-05-05 15:03:55,648 1 INFO odoo odoo.http: Session expired 
2024-05-05 15:03:55,648 1 INFO odoo werkzeug: 172.20.0.1 - - [05/May/2024 15:03:55] "POST /web/dataset/call_kw/ir.module.module/web_search_read HTTP/1.1" 200 - 2 0.003 0.010
2024-05-05 15:03:55,669 1 INFO odoo odoo.http: Session expired 
2024-05-05 15:03:55,669 1 INFO odoo werkzeug: 172.20.0.1 - - [05/May/2024 15:03:55] "POST /web/dataset/call_kw/ir.module.module/web_search_read HTTP/1.1" 200 - 2 0.002 0.011
2024-05-05 15:03:55,689 1 INFO odoo odoo.http: Session expired 
2024-05-05 15:03:55,689 1 INFO odoo werkzeug: 172.20.0.1 - - [05/May/2024 15:03:55] "POST /web/dataset/call_kw/ir.module.module/web_search_read HTTP/1.1" 200 - 2 0.002 0.011
2024-05-05 15:03:55,710 1 INFO odoo odoo.http: Session expired 
2024-05-05 15:03:55,710 1 INFO odoo werkzeug: 172.20.0.1 - - [05/May/2024 15:03:55] "POST /web/dataset/call_kw/ir.module.module/web_search_read HTTP/1.1" 200 - 2 0.002 0.011
2024-05-05 15:03:55,731 1 INFO odoo odoo.http: Session expired 
2024-05-05 15:03:55,731 1 INFO odoo werkzeug: 172.20.0.1 - - [05/May/2024 15:03:55] "POST /web/dataset/call_kw/ir.module.module/web_search_read HTTP/1.1" 200 - 2 0.002 0.012
2024-05-05 15:03:55,748 1 INFO odoo odoo.http: Session expired 
2024-05-05 15:03:55,749 1 INFO odoo werkzeug: 172.20.0.1 - - [05/May/2024 15:03:55] "POST /web/dataset/call_kw/ir.module.module/web_search_read HTTP/1.1" 200 - 2 0.001 0.010
2024-05-05 15:03:55,769 1 INFO odoo odoo.http: Session expired 
2024-05-05 15:03:55,769 1 INFO odoo werkzeug: 172.20.0.1 - - [05/May/2024 15:03:55] "POST /web/dataset/call_kw/ir.module.module/web_search_read HTTP/1.1" 200 - 2 0.002 0.012
2024-05-05 15:03:55,788 1 INFO odoo odoo.http: Session expired 
2024-05-05 15:03:55,788 1 INFO odoo werkzeug: 172.20.0.1 - - [05/May/2024 15:03:55] "POST /web/dataset/call_kw/ir.module.module/web_search_read HTTP/1.1" 200 - 2 0.001 0.010
2024-05-05 15:03:55,805 1 INFO odoo odoo.http: Session expired 
2024-05-05 15:03:55,805 1 INFO odoo werkzeug: 172.20.0.1 - - [05/May/2024 15:03:55] "POST /web/dataset/call_kw/ir.module.module/web_search_read HTTP/1.1" 200 - 2 0.002 0.010
2024-05-05 15:03:55,822 1 INFO odoo odoo.http: Session expired 
2024-05-05 15:03:55,822 1 INFO odoo werkzeug: 172.20.0.1 - - [05/May/2024 15:03:55] "POST /web/dataset/call_kw/ir.module.module/web_search_read HTTP/1.1" 200 - 2 0.001 0.010
2024-05-05 15:03:55,840 1 INFO odoo odoo.http: Session expired 
2024-05-05 15:03:55,841 1 INFO odoo werkzeug: 172.20.0.1 - - [05/May/2024 15:03:55] "POST /web/dataset/call_kw/ir.module.module/web_search_read HTTP/1.1" 200 - 2 0.001 0.010
2024-05-05 15:03:55,870 1 INFO odoo odoo.http: Session expired 
2024-05-05 15:03:55,871 1 INFO odoo werkzeug: 172.20.0.1 - - [05/May/2024 15:03:55] "POST /web/dataset/call_kw/ir.module.module/web_search_read HTTP/1.1" 200 - 2 0.005 0.017
2024-05-05 15:03:55,899 1 INFO odoo odoo.http: Session expired 
2024-05-05 15:03:55,899 1 INFO odoo werkzeug: 172.20.0.1 - - [05/May/2024 15:03:55] "POST /web/dataset/call_kw/ir.module.module/web_search_read HTTP/1.1" 200 - 2 0.002 0.010
2024-05-05 15:03:55,915 1 INFO odoo odoo.http: Session expired 
2024-05-05 15:03:55,916 1 INFO odoo werkzeug: 172.20.0.1 - - [05/May/2024 15:03:55] "POST /web/dataset/call_kw/ir.module.module/web_search_read HTTP/1.1" 200 - 2 0.001 0.010
2024-05-05 15:03:55,934 1 INFO odoo odoo.http: Session expired 
2024-05-05 15:03:55,934 1 INFO odoo werkzeug: 172.20.0.1 - - [05/May/2024 15:03:55] "POST /web/dataset/call_kw/ir.module.module/web_search_read HTTP/1.1" 200 - 2 0.002 0.011
2024-05-05 15:03:55,952 1 INFO odoo odoo.http: Session expired 
2024-05-05 15:03:55,952 1 INFO odoo werkzeug: 172.20.0.1 - - [05/May/2024 15:03:55] "POST /web/dataset/call_kw/ir.module.module/web_search_read HTTP/1.1" 200 - 2 0.002 0.011
2024-05-05 15:03:55,973 1 INFO odoo odoo.http: Session expired 
2024-05-05 15:03:55,973 1 INFO odoo werkzeug: 172.20.0.1 - - [05/May/2024 15:03:55] "POST /web/dataset/call_kw/ir.module.module/web_search_read HTTP/1.1" 200 - 2 0.003 0.012
2024-05-05 15:03:55,992 1 INFO odoo odoo.http: Session expired 
2024-05-05 15:03:55,992 1 INFO odoo werkzeug: 172.20.0.1 - - [05/May/2024 15:03:55] "POST /web/dataset/call_kw/ir.module.module/web_search_read HTTP/1.1" 200 - 2 0.001 0.009
2024-05-05 15:03:56,011 1 INFO odoo odoo.http: Session expired 
2024-05-05 15:03:56,011 1 INFO odoo werkzeug: 172.20.0.1 - - [05/May/2024 15:03:56] "POST /web/dataset/call_kw/ir.module.module/web_search_read HTTP/1.1" 200 - 2 0.002 0.012
2024-05-05 15:03:56,029 1 INFO odoo odoo.http: Session expired 
2024-05-05 15:03:56,029 1 INFO odoo werkzeug: 172.20.0.1 - - [05/May/2024 15:03:56] "POST /web/dataset/call_kw/ir.module.module/web_search_read HTTP/1.1" 200 - 2 0.001 0.011
2024-05-05 15:03:56,048 1 INFO odoo odoo.http: Session expired 
2024-05-05 15:03:56,048 1 INFO odoo werkzeug: 172.20.0.1 - - [05/May/2024 15:03:56] "POST /web/dataset/call_kw/ir.module.module/web_search_read HTTP/1.1" 200 - 2 0.003 0.010
2024-05-05 15:03:56,065 1 INFO odoo odoo.http: Session expired 
2024-05-05 15:03:56,066 1 INFO odoo werkzeug: 172.20.0.1 - - [05/May/2024 15:03:56] "POST /web/dataset/call_kw/ir.module.module/web_search_read HTTP/1.1" 200 - 2 0.002 0.010
2024-05-05 15:03:56,084 1 INFO odoo odoo.http: Session expired 
2024-05-05 15:03:56,084 1 INFO odoo werkzeug: 172.20.0.1 - - [05/May/2024 15:03:56] "POST /web/dataset/call_kw/ir.module.module/web_search_read HTTP/1.1" 200 - 2 0.002 0.011
2024-05-05 15:03:56,100 1 INFO odoo odoo.http: Session expired 
2024-05-05 15:03:56,100 1 INFO odoo werkzeug: 172.20.0.1 - - [05/May/2024 15:03:56] "POST /web/dataset/call_kw/ir.module.module/web_search_read HTTP/1.1" 200 - 2 0.001 0.009
2024-05-05 15:03:56,123 1 INFO odoo odoo.http: Session expired 
2024-05-05 15:03:56,123 1 INFO odoo werkzeug: 172.20.0.1 - - [05/May/2024 15:03:56] "POST /web/dataset/call_kw/ir.module.module/web_search_read HTTP/1.1" 200 - 2 0.003 0.012
2024-05-05 15:03:56,143 1 INFO odoo odoo.http: Session expired 
2024-05-05 15:03:56,143 1 INFO odoo werkzeug: 172.20.0.1 - - [05/May/2024 15:03:56] "POST /web/dataset/call_kw/ir.module.module/web_search_read HTTP/1.1" 200 - 2 0.002 0.012
2024-05-05 15:03:56,166 1 INFO odoo odoo.http: Session expired 
2024-05-05 15:03:56,166 1 INFO odoo werkzeug: 172.20.0.1 - - [05/May/2024 15:03:56] "POST /web/dataset/call_kw/ir.module.module/web_search_read HTTP/1.1" 200 - 2 0.002 0.014
2024-05-05 15:03:56,188 1 INFO odoo odoo.http: Session expired 
2024-05-05 15:03:56,188 1 INFO odoo werkzeug: 172.20.0.1 - - [05/May/2024 15:03:56] "POST /web/dataset/call_kw/ir.module.module/web_search_read HTTP/1.1" 200 - 2 0.003 0.012
2024-05-05 15:03:56,208 1 INFO odoo odoo.http: Session expired 
2024-05-05 15:03:56,208 1 INFO odoo werkzeug: 172.20.0.1 - - [05/May/2024 15:03:56] "POST /web/dataset/call_kw/ir.module.module/web_search_read HTTP/1.1" 200 - 2 0.001 0.013
2024-05-05 15:03:56,229 1 INFO odoo odoo.http: Session expired 
2024-05-05 15:03:56,229 1 INFO odoo werkzeug: 172.20.0.1 - - [05/May/2024 15:03:56] "POST /web/dataset/call_kw/ir.module.module/web_search_read HTTP/1.1" 200 - 2 0.002 0.012
2024-05-05 15:03:56,250 1 INFO odoo odoo.http: Session expired 
2024-05-05 15:03:56,251 1 INFO odoo werkzeug: 172.20.0.1 - - [05/May/2024 15:03:56] "POST /web/dataset/call_kw/ir.module.module/web_search_read HTTP/1.1" 200 - 2 0.002 0.015
2024-05-05 15:03:56,273 1 INFO odoo odoo.http: Session expired 
2024-05-05 15:03:56,273 1 INFO odoo werkzeug: 172.20.0.1 - - [05/May/2024 15:03:56] "POST /web/dataset/call_kw/ir.module.module/web_search_read HTTP/1.1" 200 - 2 0.003 0.012
2024-05-05 15:03:56,295 1 INFO odoo odoo.http: Session expired 
2024-05-05 15:03:56,295 1 INFO odoo werkzeug: 172.20.0.1 - - [05/May/2024 15:03:56] "POST /web/dataset/call_kw/ir.module.module/web_search_read HTTP/1.1" 200 - 2 0.002 0.012
2024-05-05 15:03:56,315 1 INFO odoo odoo.http: Session expired 
2024-05-05 15:03:56,315 1 INFO odoo werkzeug: 172.20.0.1 - - [05/May/2024 15:03:56] "POST /web/dataset/call_kw/ir.module.module/web_search_read HTTP/1.1" 200 - 2 0.002 0.013
2024-05-05 15:03:56,334 1 INFO odoo odoo.http: Session expired 
2024-05-05 15:03:56,335 1 INFO odoo werkzeug: 172.20.0.1 - - [05/May/2024 15:03:56] "POST /web/dataset/call_kw/ir.module.module/web_search_read HTTP/1.1" 200 - 2 0.002 0.011
2024-05-05 15:03:56,352 1 INFO odoo odoo.http: Session expired 
2024-05-05 15:03:56,352 1 INFO odoo werkzeug: 172.20.0.1 - - [05/May/2024 15:03:56] "POST /web/dataset/call_kw/ir.module.module/web_search_read HTTP/1.1" 200 - 2 0.001 0.011
2024-05-05 15:03:56,373 1 INFO odoo odoo.http: Session expired 
2024-05-05 15:03:56,374 1 INFO odoo werkzeug: 172.20.0.1 - - [05/May/2024 15:03:56] "POST /web/dataset/call_kw/ir.module.module/web_search_read HTTP/1.1" 200 - 2 0.003 0.012
2024-05-05 15:03:56,393 1 INFO odoo odoo.http: Session expired 
2024-05-05 15:03:56,394 1 INFO odoo werkzeug: 172.20.0.1 - - [05/May/2024 15:03:56] "POST /web/dataset/call_kw/ir.module.module/web_search_read HTTP/1.1" 200 - 2 0.002 0.011
2024-05-05 15:03:56,414 1 INFO odoo odoo.http: Session expired 
2024-05-05 15:03:56,414 1 INFO odoo werkzeug: 172.20.0.1 - - [05/May/2024 15:03:56] "POST /web/dataset/call_kw/ir.module.module/web_search_read HTTP/1.1" 200 - 2 0.002 0.012
2024-05-05 15:03:56,434 1 INFO odoo odoo.http: Session expired 
2024-05-05 15:03:56,434 1 INFO odoo werkzeug: 172.20.0.1 - - [05/May/2024 15:03:56] "POST /web/dataset/call_kw/ir.module.module/web_search_read HTTP/1.1" 200 - 2 0.001 0.011
2024-05-05 15:03:56,458 1 INFO odoo odoo.http: Session expired 
2024-05-05 15:03:56,458 1 INFO odoo werkzeug: 172.20.0.1 - - [05/May/2024 15:03:56] "POST /web/dataset/call_kw/ir.module.module/web_search_read HTTP/1.1" 200 - 2 0.002 0.014
2024-05-05 15:03:56,474 1 INFO odoo odoo.http: Session expired 
2024-05-05 15:03:56,475 1 INFO odoo werkzeug: 172.20.0.1 - - [05/May/2024 15:03:56] "POST /web/dataset/call_kw/ir.module.module/web_search_read HTTP/1.1" 200 - 2 0.001 0.009
2024-05-05 15:03:56,492 1 INFO odoo odoo.http: Session expired 
2024-05-05 15:03:56,492 1 INFO odoo werkzeug: 172.20.0.1 - - [05/May/2024 15:03:56] "POST /web/dataset/call_kw/ir.module.module/web_search_read HTTP/1.1" 200 - 2 0.001 0.009
2024-05-05 15:03:56,514 1 INFO odoo odoo.http: Session expired 
2024-05-05 15:03:56,514 1 INFO odoo werkzeug: 172.20.0.1 - - [05/May/2024 15:03:56] "POST /web/dataset/call_kw/ir.module.module/web_search_read HTTP/1.1" 200 - 2 0.003 0.013
2024-05-05 15:03:56,533 1 INFO odoo odoo.http: Session expired 
2024-05-05 15:03:56,533 1 INFO odoo werkzeug: 172.20.0.1 - - [05/May/2024 15:03:56] "POST /web/dataset/call_kw/ir.module.module/web_search_read HTTP/1.1" 200 - 2 0.001 0.013
2024-05-05 15:03:56,553 1 INFO odoo odoo.http: Session expired 
2024-05-05 15:03:56,554 1 INFO odoo werkzeug: 172.20.0.1 - - [05/May/2024 15:03:56] "POST /web/dataset/call_kw/ir.module.module/web_search_read HTTP/1.1" 200 - 2 0.002 0.012
2024-05-05 15:03:56,571 1 INFO odoo odoo.http: Session expired 
2024-05-05 15:03:56,572 1 INFO odoo werkzeug: 172.20.0.1 - - [05/May/2024 15:03:56] "POST /web/dataset/call_kw/ir.module.module/web_search_read HTTP/1.1" 200 - 2 0.002 0.012
2024-05-05 15:03:56,591 1 INFO odoo odoo.http: Session expired 
2024-05-05 15:03:56,591 1 INFO odoo werkzeug: 172.20.0.1 - - [05/May/2024 15:03:56] "POST /web/dataset/call_kw/ir.module.module/web_search_read HTTP/1.1" 200 - 2 0.001 0.012
2024-05-05 15:03:56,609 1 INFO odoo odoo.http: Session expired 
2024-05-05 15:03:56,609 1 INFO odoo werkzeug: 172.20.0.1 - - [05/May/2024 15:03:56] "POST /web/dataset/call_kw/ir.module.module/web_search_read HTTP/1.1" 200 - 2 0.001 0.009
2024-05-05 15:03:56,625 1 INFO odoo odoo.http: Session expired 
2024-05-05 15:03:56,626 1 INFO odoo werkzeug: 172.20.0.1 - - [05/May/2024 15:03:56] "POST /web/dataset/call_kw/ir.module.module/web_search_read HTTP/1.1" 200 - 2 0.001 0.009
2024-05-05 15:03:56,648 1 INFO odoo odoo.http: Session expired 
2024-05-05 15:03:56,649 1 INFO odoo werkzeug: 172.20.0.1 - - [05/May/2024 15:03:56] "POST /web/dataset/call_kw/ir.module.module/web_search_read HTTP/1.1" 200 - 2 0.002 0.013
2024-05-05 15:03:56,670 1 INFO odoo odoo.http: Session expired 
2024-05-05 15:03:56,670 1 INFO odoo werkzeug: 172.20.0.1 - - [05/May/2024 15:03:56] "POST /web/dataset/call_kw/ir.module.module/web_search_read HTTP/1.1" 200 - 2 0.002 0.011
2024-05-05 15:03:56,690 1 INFO odoo odoo.http: Session expired 
2024-05-05 15:03:56,690 1 INFO odoo werkzeug: 172.20.0.1 - - [05/May/2024 15:03:56] "POST /web/dataset/call_kw/ir.module.module/web_search_read HTTP/1.1" 200 - 2 0.002 0.014
2024-05-05 15:03:56,711 1 INFO odoo odoo.http: Session expired 
2024-05-05 15:03:56,711 1 INFO odoo werkzeug: 172.20.0.1 - - [05/May/2024 15:03:56] "POST /web/dataset/call_kw/ir.module.module/web_search_read HTTP/1.1" 200 - 2 0.002 0.012
2024-05-05 15:03:56,739 1 INFO odoo odoo.http: Session expired 
2024-05-05 15:03:56,740 1 INFO odoo werkzeug: 172.20.0.1 - - [05/May/2024 15:03:56] "POST /web/dataset/call_kw/ir.module.module/web_search_read HTTP/1.1" 200 - 2 0.003 0.019
2024-05-05 15:03:56,772 1 INFO odoo odoo.http: Session expired 
2024-05-05 15:03:56,772 1 INFO odoo werkzeug: 172.20.0.1 - - [05/May/2024 15:03:56] "POST /web/dataset/call_kw/ir.module.module/web_search_read HTTP/1.1" 200 - 2 0.002 0.018
2024-05-05 15:03:56,795 1 INFO odoo odoo.http: Session expired 
2024-05-05 15:03:56,795 1 INFO odoo werkzeug: 172.20.0.1 - - [05/May/2024 15:03:56] "POST /web/dataset/call_kw/ir.module.module/web_search_read HTTP/1.1" 200 - 2 0.002 0.012
2024-05-05 15:03:56,816 1 INFO odoo odoo.http: Session expired 
2024-05-05 15:03:56,816 1 INFO odoo werkzeug: 172.20.0.1 - - [05/May/2024 15:03:56] "POST /web/dataset/call_kw/ir.module.module/web_search_read HTTP/1.1" 200 - 2 0.003 0.013
2024-05-05 15:03:56,839 1 INFO odoo odoo.http: Session expired 
2024-05-05 15:03:56,839 1 INFO odoo werkzeug: 172.20.0.1 - - [05/May/2024 15:03:56] "POST /web/dataset/call_kw/ir.module.module/web_search_read HTTP/1.1" 200 - 2 0.002 0.013
2024-05-05 15:03:56,859 1 INFO odoo odoo.http: Session expired 
2024-05-05 15:03:56,859 1 INFO odoo werkzeug: 172.20.0.1 - - [05/May/2024 15:03:56] "POST /web/dataset/call_kw/ir.module.module/web_search_read HTTP/1.1" 200 - 2 0.001 0.012
2024-05-05 15:03:56,881 1 INFO odoo odoo.http: Session expired 
2024-05-05 15:03:56,881 1 INFO odoo werkzeug: 172.20.0.1 - - [05/May/2024 15:03:56] "POST /web/dataset/call_kw/ir.module.module/web_search_read HTTP/1.1" 200 - 2 0.003 0.012
2024-05-05 15:03:56,900 1 INFO odoo odoo.http: Session expired 
2024-05-05 15:03:56,900 1 INFO odoo werkzeug: 172.20.0.1 - - [05/May/2024 15:03:56] "POST /web/dataset/call_kw/ir.module.module/web_search_read HTTP/1.1" 200 - 2 0.001 0.011
2024-05-05 15:03:56,922 1 INFO odoo odoo.http: Session expired 
2024-05-05 15:03:56,923 1 INFO odoo werkzeug: 172.20.0.1 - - [05/May/2024 15:03:56] "POST /web/dataset/call_kw/ir.module.module/web_search_read HTTP/1.1" 200 - 2 0.003 0.012
2024-05-05 15:03:56,945 1 INFO odoo odoo.http: Session expired 
2024-05-05 15:03:56,946 1 INFO odoo werkzeug: 172.20.0.1 - - [05/May/2024 15:03:56] "POST /web/dataset/call_kw/ir.module.module/web_search_read HTTP/1.1" 200 - 2 0.002 0.012
2024-05-05 15:03:56,965 1 INFO odoo odoo.http: Session expired 
2024-05-05 15:03:56,965 1 INFO odoo werkzeug: 172.20.0.1 - - [05/May/2024 15:03:56] "POST /web/dataset/call_kw/ir.module.module/web_search_read HTTP/1.1" 200 - 2 0.002 0.012
2024-05-05 15:03:56,984 1 INFO odoo odoo.http: Session expired 
2024-05-05 15:03:56,985 1 INFO odoo werkzeug: 172.20.0.1 - - [05/May/2024 15:03:56] "POST /web/dataset/call_kw/ir.module.module/web_search_read HTTP/1.1" 200 - 2 0.001 0.012
2024-05-05 15:03:57,001 1 INFO odoo odoo.http: Session expired 
2024-05-05 15:03:57,002 1 INFO odoo werkzeug: 172.20.0.1 - - [05/May/2024 15:03:57] "POST /web/dataset/call_kw/ir.module.module/web_search_read HTTP/1.1" 200 - 2 0.001 0.009
2024-05-05 15:03:57,021 1 INFO odoo odoo.http: Session expired 
2024-05-05 15:03:57,021 1 INFO odoo werkzeug: 172.20.0.1 - - [05/May/2024 15:03:57] "POST /web/dataset/call_kw/ir.module.module/web_search_read HTTP/1.1" 200 - 2 0.001 0.011
2024-05-05 15:03:57,041 1 INFO odoo odoo.http: Session expired 
2024-05-05 15:03:57,041 1 INFO odoo werkzeug: 172.20.0.1 - - [05/May/2024 15:03:57] "POST /web/dataset/call_kw/ir.module.module/web_search_read HTTP/1.1" 200 - 2 0.002 0.013
2024-05-05 15:03:57,061 1 INFO odoo odoo.http: Session expired 
2024-05-05 15:03:57,061 1 INFO odoo werkzeug: 172.20.0.1 - - [05/May/2024 15:03:57] "POST /web/dataset/call_kw/ir.module.module/web_search_read HTTP/1.1" 200 - 2 0.001 0.010
2024-05-05 15:03:57,082 1 INFO odoo odoo.http: Session expired 
2024-05-05 15:03:57,082 1 INFO odoo werkzeug: 172.20.0.1 - - [05/May/2024 15:03:57] "POST /web/dataset/call_kw/ir.module.module/web_search_read HTTP/1.1" 200 - 2 0.002 0.014
2024-05-05 15:03:57,100 1 INFO odoo odoo.http: Session expired 
2024-05-05 15:03:57,100 1 INFO odoo werkzeug: 172.20.0.1 - - [05/May/2024 15:03:57] "POST /web/dataset/call_kw/ir.module.module/web_search_read HTTP/1.1" 200 - 2 0.002 0.010
2024-05-05 15:03:57,118 1 INFO odoo odoo.http: Session expired 
2024-05-05 15:03:57,119 1 INFO odoo werkzeug: 172.20.0.1 - - [05/May/2024 15:03:57] "POST /web/dataset/call_kw/ir.module.module/web_search_read HTTP/1.1" 200 - 2 0.001 0.009
2024-05-05 15:03:57,140 1 INFO odoo odoo.http: Session expired 
2024-05-05 15:03:57,140 1 INFO odoo werkzeug: 172.20.0.1 - - [05/May/2024 15:03:57] "POST /web/dataset/call_kw/ir.module.module/web_search_read HTTP/1.1" 200 - 2 0.002 0.013
2024-05-05 15:03:57,160 1 INFO odoo odoo.http: Session expired 
2024-05-05 15:03:57,160 1 INFO odoo werkzeug: 172.20.0.1 - - [05/May/2024 15:03:57] "POST /web/dataset/call_kw/ir.module.module/web_search_read HTTP/1.1" 200 - 2 0.002 0.012
2024-05-05 15:03:57,182 1 INFO odoo odoo.http: Session expired 
2024-05-05 15:03:57,183 1 INFO odoo werkzeug: 172.20.0.1 - - [05/May/2024 15:03:57] "POST /web/dataset/call_kw/ir.module.module/web_search_read HTTP/1.1" 200 - 2 0.002 0.013
2024-05-05 15:03:57,202 1 INFO odoo odoo.http: Session expired 
2024-05-05 15:03:57,202 1 INFO odoo werkzeug: 172.20.0.1 - - [05/May/2024 15:03:57] "POST /web/dataset/call_kw/ir.module.module/web_search_read HTTP/1.1" 200 - 2 0.002 0.011
2024-05-05 15:03:57,223 1 INFO odoo odoo.http: Session expired 
2024-05-05 15:03:57,223 1 INFO odoo werkzeug: 172.20.0.1 - - [05/May/2024 15:03:57] "POST /web/dataset/call_kw/ir.module.module/web_search_read HTTP/1.1" 200 - 2 0.001 0.012
2024-05-05 15:03:57,243 1 INFO odoo odoo.http: Session expired 
2024-05-05 15:03:57,243 1 INFO odoo werkzeug: 172.20.0.1 - - [05/May/2024 15:03:57] "POST /web/dataset/call_kw/ir.module.module/web_search_read HTTP/1.1" 200 - 2 0.002 0.013
2024-05-05 15:03:57,266 1 INFO odoo odoo.http: Session expired 
2024-05-05 15:03:57,266 1 INFO odoo werkzeug: 172.20.0.1 - - [05/May/2024 15:03:57] "POST /web/dataset/call_kw/ir.module.module/web_search_read HTTP/1.1" 200 - 2 0.003 0.013
2024-05-05 15:03:57,288 1 INFO odoo odoo.http: Session expired 
2024-05-05 15:03:57,288 1 INFO odoo werkzeug: 172.20.0.1 - - [05/May/2024 15:03:57] "POST /web/dataset/call_kw/ir.module.module/web_search_read HTTP/1.1" 200 - 2 0.002 0.012
2024-05-05 15:03:57,309 1 INFO odoo odoo.http: Session expired 
2024-05-05 15:03:57,309 1 INFO odoo werkzeug: 172.20.0.1 - - [05/May/2024 15:03:57] "POST /web/dataset/call_kw/ir.module.module/web_search_read HTTP/1.1" 200 - 2 0.003 0.013
2024-05-05 15:03:57,330 1 INFO odoo odoo.http: Session expired 
2024-05-05 15:03:57,331 1 INFO odoo werkzeug: 172.20.0.1 - - [05/May/2024 15:03:57] "POST /web/dataset/call_kw/ir.module.module/web_search_read HTTP/1.1" 200 - 2 0.002 0.012
2024-05-05 15:03:57,351 1 INFO odoo odoo.http: Session expired 
2024-05-05 15:03:57,351 1 INFO odoo werkzeug: 172.20.0.1 - - [05/May/2024 15:03:57] "POST /web/dataset/call_kw/ir.module.module/web_search_read HTTP/1.1" 200 - 2 0.001 0.013
2024-05-05 15:03:57,377 1 INFO odoo odoo.http: Session expired 
2024-05-05 15:03:57,377 1 INFO odoo werkzeug: 172.20.0.1 - - [05/May/2024 15:03:57] "POST /web/dataset/call_kw/ir.module.module/web_search_read HTTP/1.1" 200 - 2 0.002 0.013
2024-05-05 15:03:57,400 1 INFO odoo odoo.http: Session expired 
2024-05-05 15:03:57,401 1 INFO odoo werkzeug: 172.20.0.1 - - [05/May/2024 15:03:57] "POST /web/dataset/call_kw/ir.module.module/web_search_read HTTP/1.1" 200 - 2 0.002 0.013
2024-05-05 15:03:57,419 1 INFO odoo odoo.http: Session expired 
2024-05-05 15:03:57,420 1 INFO odoo werkzeug: 172.20.0.1 - - [05/May/2024 15:03:57] "POST /web/dataset/call_kw/ir.module.module/web_search_read HTTP/1.1" 200 - 2 0.001 0.010
2024-05-05 15:03:57,440 1 INFO odoo odoo.http: Session expired 
2024-05-05 15:03:57,440 1 INFO odoo werkzeug: 172.20.0.1 - - [05/May/2024 15:03:57] "POST /web/dataset/call_kw/ir.module.module/web_search_read HTTP/1.1" 200 - 2 0.003 0.012
2024-05-05 15:03:57,460 1 INFO odoo odoo.http: Session expired 
2024-05-05 15:03:57,460 1 INFO odoo werkzeug: 172.20.0.1 - - [05/May/2024 15:03:57] "POST /web/dataset/call_kw/ir.module.module/web_search_read HTTP/1.1" 200 - 2 0.001 0.013
2024-05-05 15:03:57,483 1 INFO odoo odoo.http: Session expired 
2024-05-05 15:03:57,483 1 INFO odoo werkzeug: 172.20.0.1 - - [05/May/2024 15:03:57] "POST /web/dataset/call_kw/ir.module.module/web_search_read HTTP/1.1" 200 - 2 0.003 0.013
2024-05-05 15:03:57,501 1 INFO odoo odoo.http: Session expired 
2024-05-05 15:03:57,501 1 INFO odoo werkzeug: 172.20.0.1 - - [05/May/2024 15:03:57] "POST /web/dataset/call_kw/ir.module.module/web_search_read HTTP/1.1" 200 - 2 0.002 0.010
2024-05-05 15:03:57,518 1 INFO odoo odoo.http: Session expired 
2024-05-05 15:03:57,518 1 INFO odoo werkzeug: 172.20.0.1 - - [05/May/2024 15:03:57] "POST /web/dataset/call_kw/ir.module.module/web_search_read HTTP/1.1" 200 - 2 0.001 0.008
2024-05-05 15:03:57,536 1 INFO odoo odoo.http: Session expired 
2024-05-05 15:03:57,536 1 INFO odoo werkzeug: 172.20.0.1 - - [05/May/2024 15:03:57] "POST /web/dataset/call_kw/ir.module.module/web_search_read HTTP/1.1" 200 - 2 0.002 0.010
2024-05-05 15:03:57,552 1 INFO odoo odoo.http: Session expired 
2024-05-05 15:03:57,552 1 INFO odoo werkzeug: 172.20.0.1 - - [05/May/2024 15:03:57] "POST /web/dataset/call_kw/ir.module.module/web_search_read HTTP/1.1" 200 - 2 0.001 0.009
2024-05-05 15:03:57,575 1 INFO odoo odoo.http: Session expired 
2024-05-05 15:03:57,575 1 INFO odoo werkzeug: 172.20.0.1 - - [05/May/2024 15:03:57] "POST /web/dataset/call_kw/ir.module.module/web_search_read HTTP/1.1" 200 - 2 0.003 0.013
2024-05-05 15:03:57,593 1 INFO odoo odoo.http: Session expired 
2024-05-05 15:03:57,594 1 INFO odoo werkzeug: 172.20.0.1 - - [05/May/2024 15:03:57] "POST /web/dataset/call_kw/ir.module.module/web_search_read HTTP/1.1" 200 - 2 0.002 0.010
2024-05-05 15:03:57,615 1 INFO odoo odoo.http: Session expired 
2024-05-05 15:03:57,616 1 INFO odoo werkzeug: 172.20.0.1 - - [05/May/2024 15:03:57] "POST /web/dataset/call_kw/ir.module.module/web_search_read HTTP/1.1" 200 - 2 0.002 0.012
2024-05-05 15:03:57,636 1 INFO odoo odoo.http: Session expired 
2024-05-05 15:03:57,636 1 INFO odoo werkzeug: 172.20.0.1 - - [05/May/2024 15:03:57] "POST /web/dataset/call_kw/ir.module.module/web_search_read HTTP/1.1" 200 - 2 0.002 0.012
2024-05-05 15:03:57,654 1 INFO odoo odoo.http: Session expired 
2024-05-05 15:03:57,654 1 INFO odoo werkzeug: 172.20.0.1 - - [05/May/2024 15:03:57] "POST /web/dataset/call_kw/ir.module.module/web_search_read HTTP/1.1" 200 - 2 0.002 0.010
2024-05-05 15:03:57,675 1 INFO odoo odoo.http: Session expired 
2024-05-05 15:03:57,675 1 INFO odoo werkzeug: 172.20.0.1 - - [05/May/2024 15:03:57] "POST /web/dataset/call_kw/ir.module.module/web_search_read HTTP/1.1" 200 - 2 0.003 0.011
2024-05-05 15:03:57,698 1 INFO odoo odoo.http: Session expired 
2024-05-05 15:03:57,698 1 INFO odoo werkzeug: 172.20.0.1 - - [05/May/2024 15:03:57] "POST /web/dataset/call_kw/ir.module.module/web_search_read HTTP/1.1" 200 - 2 0.001 0.013
2024-05-05 15:03:57,718 1 INFO odoo odoo.http: Session expired 
2024-05-05 15:03:57,719 1 INFO odoo werkzeug: 172.20.0.1 - - [05/May/2024 15:03:57] "POST /web/dataset/call_kw/ir.module.module/web_search_read HTTP/1.1" 200 - 2 0.002 0.013
2024-05-05 15:03:57,738 1 INFO odoo odoo.http: Session expired 
2024-05-05 15:03:57,738 1 INFO odoo werkzeug: 172.20.0.1 - - [05/May/2024 15:03:57] "POST /web/dataset/call_kw/ir.module.module/web_search_read HTTP/1.1" 200 - 2 0.001 0.011
2024-05-05 15:03:57,759 1 INFO odoo odoo.http: Session expired 
2024-05-05 15:03:57,760 1 INFO odoo werkzeug: 172.20.0.1 - - [05/May/2024 15:03:57] "POST /web/dataset/call_kw/ir.module.module/web_search_read HTTP/1.1" 200 - 2 0.003 0.013
2024-05-05 15:03:57,796 1 INFO odoo odoo.http: Session expired 
2024-05-05 15:03:57,796 1 INFO odoo werkzeug: 172.20.0.1 - - [05/May/2024 15:03:57] "POST /web/dataset/call_kw/ir.module.module/web_search_read HTTP/1.1" 200 - 2 0.004 0.019
2024-05-05 15:03:57,826 1 INFO odoo odoo.http: Session expired 
2024-05-05 15:03:57,826 1 INFO odoo werkzeug: 172.20.0.1 - - [05/May/2024 15:03:57] "POST /web/dataset/call_kw/ir.module.module/web_search_read HTTP/1.1" 200 - 2 0.002 0.018
2024-05-05 15:03:57,851 1 INFO odoo odoo.http: Session expired 
2024-05-05 15:03:57,851 1 INFO odoo werkzeug: 172.20.0.1 - - [05/May/2024 15:03:57] "POST /web/dataset/call_kw/ir.module.module/web_search_read HTTP/1.1" 200 - 2 0.002 0.014
2024-05-05 15:03:57,877 1 INFO odoo odoo.http: Session expired 
2024-05-05 15:03:57,877 1 INFO odoo werkzeug: 172.20.0.1 - - [05/May/2024 15:03:57] "POST /web/dataset/call_kw/ir.module.module/web_search_read HTTP/1.1" 200 - 2 0.002 0.014
2024-05-05 15:03:57,901 1 INFO odoo odoo.http: Session expired 
2024-05-05 15:03:57,901 1 INFO odoo werkzeug: 172.20.0.1 - - [05/May/2024 15:03:57] "POST /web/dataset/call_kw/ir.module.module/web_search_read HTTP/1.1" 200 - 2 0.003 0.013
2024-05-05 15:03:57,925 1 INFO odoo odoo.http: Session expired 
2024-05-05 15:03:57,925 1 INFO odoo werkzeug: 172.20.0.1 - - [05/May/2024 15:03:57] "POST /web/dataset/call_kw/ir.module.module/web_search_read HTTP/1.1" 200 - 2 0.002 0.013
2024-05-05 15:03:57,945 1 INFO odoo odoo.http: Session expired 
2024-05-05 15:03:57,946 1 INFO odoo werkzeug: 172.20.0.1 - - [05/May/2024 15:03:57] "POST /web/dataset/call_kw/ir.module.module/web_search_read HTTP/1.1" 200 - 2 0.001 0.011
2024-05-05 15:03:57,967 1 INFO odoo odoo.http: Session expired 
2024-05-05 15:03:57,967 1 INFO odoo werkzeug: 172.20.0.1 - - [05/May/2024 15:03:57] "POST /web/dataset/call_kw/ir.module.module/web_search_read HTTP/1.1" 200 - 2 0.002 0.011
2024-05-05 15:03:57,988 1 INFO odoo odoo.http: Session expired 
2024-05-05 15:03:57,989 1 INFO odoo werkzeug: 172.20.0.1 - - [05/May/2024 15:03:57] "POST /web/dataset/call_kw/ir.module.module/web_search_read HTTP/1.1" 200 - 2 0.002 0.012
2024-05-05 15:03:58,013 1 INFO odoo odoo.http: Session expired 
2024-05-05 15:03:58,013 1 INFO odoo werkzeug: 172.20.0.1 - - [05/May/2024 15:03:58] "POST /web/dataset/call_kw/ir.module.module/web_search_read HTTP/1.1" 200 - 2 0.003 0.014
2024-05-05 15:03:58,035 1 INFO odoo odoo.http: Session expired 
2024-05-05 15:03:58,035 1 INFO odoo werkzeug: 172.20.0.1 - - [05/May/2024 15:03:58] "POST /web/dataset/call_kw/ir.module.module/web_search_read HTTP/1.1" 200 - 2 0.002 0.012
2024-05-05 15:03:58,054 1 INFO odoo odoo.http: Session expired 
2024-05-05 15:03:58,054 1 INFO odoo werkzeug: 172.20.0.1 - - [05/May/2024 15:03:58] "POST /web/dataset/call_kw/ir.module.module/web_search_read HTTP/1.1" 200 - 2 0.001 0.011
2024-05-05 15:03:58,077 1 INFO odoo odoo.http: Session expired 
2024-05-05 15:03:58,077 1 INFO odoo werkzeug: 172.20.0.1 - - [05/May/2024 15:03:58] "POST /web/dataset/call_kw/ir.module.module/web_search_read HTTP/1.1" 200 - 2 0.002 0.013
2024-05-05 15:03:58,100 1 INFO odoo odoo.http: Session expired 
2024-05-05 15:03:58,101 1 INFO odoo werkzeug: 172.20.0.1 - - [05/May/2024 15:03:58] "POST /web/dataset/call_kw/ir.module.module/web_search_read HTTP/1.1" 200 - 2 0.003 0.014
2024-05-05 15:03:58,123 1 INFO odoo odoo.http: Session expired 
2024-05-05 15:03:58,123 1 INFO odoo werkzeug: 172.20.0.1 - - [05/May/2024 15:03:58] "POST /web/dataset/call_kw/ir.module.module/web_search_read HTTP/1.1" 200 - 2 0.002 0.013
2024-05-05 15:03:58,144 1 INFO odoo odoo.http: Session expired 
2024-05-05 15:03:58,145 1 INFO odoo werkzeug: 172.20.0.1 - - [05/May/2024 15:03:58] "POST /web/dataset/call_kw/ir.module.module/web_search_read HTTP/1.1" 200 - 2 0.001 0.013
2024-05-05 15:03:58,162 1 INFO odoo odoo.http: Session expired 
2024-05-05 15:03:58,163 1 INFO odoo werkzeug: 172.20.0.1 - - [05/May/2024 15:03:58] "POST /web/dataset/call_kw/ir.module.module/web_search_read HTTP/1.1" 200 - 2 0.001 0.010
2024-05-05 15:03:58,184 1 INFO odoo odoo.http: Session expired 
2024-05-05 15:03:58,185 1 INFO odoo werkzeug: 172.20.0.1 - - [05/May/2024 15:03:58] "POST /web/dataset/call_kw/ir.module.module/web_search_read HTTP/1.1" 200 - 2 0.002 0.014
2024-05-05 15:03:58,212 1 INFO odoo odoo.http: Session expired 
2024-05-05 15:03:58,213 1 INFO odoo werkzeug: 172.20.0.1 - - [05/May/2024 15:03:58] "POST /web/dataset/call_kw/ir.module.module/web_search_read HTTP/1.1" 200 - 2 0.003 0.017
2024-05-05 15:03:58,236 1 INFO odoo odoo.http: Session expired 
2024-05-05 15:03:58,236 1 INFO odoo werkzeug: 172.20.0.1 - - [05/May/2024 15:03:58] "POST /web/dataset/call_kw/ir.module.module/web_search_read HTTP/1.1" 200 - 2 0.002 0.014
2024-05-05 15:03:58,259 1 INFO odoo odoo.http: Session expired 
2024-05-05 15:03:58,259 1 INFO odoo werkzeug: 172.20.0.1 - - [05/May/2024 15:03:58] "POST /web/dataset/call_kw/ir.module.module/web_search_read HTTP/1.1" 200 - 2 0.002 0.013
2024-05-05 15:03:58,275 1 INFO odoo odoo.http: Session expired 
2024-05-05 15:03:58,276 1 INFO odoo werkzeug: 172.20.0.1 - - [05/May/2024 15:03:58] "POST /web/dataset/call_kw/ir.module.module/web_search_read HTTP/1.1" 200 - 2 0.001 0.009
2024-05-05 15:03:58,296 1 INFO odoo odoo.http: Session expired 
2024-05-05 15:03:58,296 1 INFO odoo werkzeug: 172.20.0.1 - - [05/May/2024 15:03:58] "POST /web/dataset/call_kw/ir.module.module/web_search_read HTTP/1.1" 200 - 2 0.002 0.013
2024-05-05 15:03:58,316 1 INFO odoo odoo.http: Session expired 
2024-05-05 15:03:58,316 1 INFO odoo werkzeug: 172.20.0.1 - - [05/May/2024 15:03:58] "POST /web/dataset/call_kw/ir.module.module/web_search_read HTTP/1.1" 200 - 2 0.002 0.012
2024-05-05 15:03:58,335 1 INFO odoo odoo.http: Session expired 
2024-05-05 15:03:58,335 1 INFO odoo werkzeug: 172.20.0.1 - - [05/May/2024 15:03:58] "POST /web/dataset/call_kw/ir.module.module/web_search_read HTTP/1.1" 200 - 2 0.001 0.010
2024-05-05 15:03:58,352 1 INFO odoo odoo.http: Session expired 
2024-05-05 15:03:58,353 1 INFO odoo werkzeug: 172.20.0.1 - - [05/May/2024 15:03:58] "POST /web/dataset/call_kw/ir.module.module/web_search_read HTTP/1.1" 200 - 2 0.001 0.011
2024-05-05 15:03:58,375 1 INFO odoo odoo.http: Session expired 
2024-05-05 15:03:58,375 1 INFO odoo werkzeug: 172.20.0.1 - - [05/May/2024 15:03:58] "POST /web/dataset/call_kw/ir.module.module/web_search_read HTTP/1.1" 200 - 2 0.002 0.012
2024-05-05 15:03:58,393 1 INFO odoo odoo.http: Session expired 
2024-05-05 15:03:58,393 1 INFO odoo werkzeug: 172.20.0.1 - - [05/May/2024 15:03:58] "POST /web/dataset/call_kw/ir.module.module/web_search_read HTTP/1.1" 200 - 2 0.001 0.010
2024-05-05 15:03:58,422 1 INFO odoo odoo.http: Session expired 
2024-05-05 15:03:58,422 1 INFO odoo werkzeug: 172.20.0.1 - - [05/May/2024 15:03:58] "POST /web/dataset/call_kw/ir.module.module/web_search_read HTTP/1.1" 200 - 2 0.001 0.021
2024-05-05 15:03:58,432 1 INFO odoo werkzeug: 172.20.0.1 - - [05/May/2024 15:03:58] "GET /web HTTP/1.1" 303 - 6 0.004 0.016
2024-05-05 15:03:58,450 1 INFO odoo odoo.http: Session expired 
2024-05-05 15:03:58,451 1 INFO odoo werkzeug: 172.20.0.1 - - [05/May/2024 15:03:58] "POST /web/dataset/call_kw/ir.module.module/web_search_read HTTP/1.1" 200 - 2 0.002 0.019
2024-05-05 15:03:58,485 1 INFO odoo odoo.http: Session expired 
2024-05-05 15:03:58,486 1 INFO odoo werkzeug: 172.20.0.1 - - [05/May/2024 15:03:58] "POST /web/dataset/call_kw/ir.module.module/web_search_read HTTP/1.1" 200 - 2 0.002 0.023
2024-05-05 15:03:58,509 1 INFO odoo odoo.http: Session expired 
2024-05-05 15:03:58,510 1 INFO odoo werkzeug: 172.20.0.1 - - [05/May/2024 15:03:58] "POST /web/dataset/call_kw/ir.module.module/web_search_read HTTP/1.1" 200 - 2 0.003 0.013
2024-05-05 15:03:58,536 1 INFO odoo odoo.http: Session expired 
2024-05-05 15:03:58,536 1 INFO odoo werkzeug: 172.20.0.1 - - [05/May/2024 15:03:58] "POST /web/dataset/call_kw/ir.module.module/web_search_read HTTP/1.1" 200 - 2 0.004 0.015
2024-05-05 15:03:58,560 1 INFO odoo odoo.http: Session expired 
2024-05-05 15:03:58,562 1 INFO odoo werkzeug: 172.20.0.1 - - [05/May/2024 15:03:58] "POST /web/dataset/call_kw/ir.module.module/web_search_read HTTP/1.1" 200 - 2 0.003 0.016
2024-05-05 15:03:58,587 1 INFO odoo odoo.http: Session expired 
2024-05-05 15:03:58,588 1 INFO odoo werkzeug: 172.20.0.1 - - [05/May/2024 15:03:58] "POST /web/dataset/call_kw/ir.module.module/web_search_read HTTP/1.1" 200 - 2 0.002 0.018
2024-05-05 15:03:58,613 1 INFO odoo odoo.http: Session expired 
2024-05-05 15:03:58,614 1 INFO odoo werkzeug: 172.20.0.1 - - [05/May/2024 15:03:58] "POST /web/dataset/call_kw/ir.module.module/web_search_read HTTP/1.1" 200 - 2 0.002 0.016
2024-05-05 15:03:58,637 1 INFO odoo odoo.http: Session expired 
2024-05-05 15:03:58,637 1 INFO odoo werkzeug: 172.20.0.1 - - [05/May/2024 15:03:58] "POST /web/dataset/call_kw/ir.module.module/web_search_read HTTP/1.1" 200 - 2 0.002 0.014
2024-05-05 15:03:58,662 1 INFO odoo odoo.http: Session expired 
2024-05-05 15:03:58,663 1 INFO odoo werkzeug: 172.20.0.1 - - [05/May/2024 15:03:58] "POST /web/dataset/call_kw/ir.module.module/web_search_read HTTP/1.1" 200 - 2 0.003 0.016
2024-05-05 15:03:58,688 1 INFO odoo odoo.http: Session expired 
2024-05-05 15:03:58,688 1 INFO odoo werkzeug: 172.20.0.1 - - [05/May/2024 15:03:58] "POST /web/dataset/call_kw/ir.module.module/web_search_read HTTP/1.1" 200 - 2 0.004 0.016
2024-05-05 15:03:58,713 1 INFO odoo odoo.http: Session expired 
2024-05-05 15:03:58,714 1 INFO odoo werkzeug: 172.20.0.1 - - [05/May/2024 15:03:58] "POST /web/dataset/call_kw/ir.module.module/web_search_read HTTP/1.1" 200 - 2 0.002 0.015
2024-05-05 15:03:58,794 1 INFO odoo odoo.http: Session expired 
2024-05-05 15:03:58,795 1 INFO odoo werkzeug: 172.20.0.1 - - [05/May/2024 15:03:58] "POST /web/dataset/call_kw/ir.module.module/web_search_read HTTP/1.1" 200 - 2 0.002 0.015
2024-05-05 15:03:58,821 1 INFO odoo odoo.http: Session expired 
2024-05-05 15:03:58,821 1 INFO odoo werkzeug: 172.20.0.1 - - [05/May/2024 15:03:58] "POST /web/dataset/call_kw/ir.module.module/web_search_read HTTP/1.1" 200 - 2 0.002 0.017
2024-05-05 15:03:58,844 1 ERROR odoo odoo.http: Exception during request handling. 
Traceback (most recent call last):
  File "<184>", line 51, in template_184
  File "<184>", line 40, in template_184_content
  File "<504>", line 5, in not_found_template
ValueError: Element '<xpath expr="//header//nav">' cannot be located in parent view

The above exception was the direct cause of the following exception:

Traceback (most recent call last):
  File "/usr/lib/python3/dist-packages/odoo/http.py", line 2192, in __call__
    response = request._serve_db()
  File "/usr/lib/python3/dist-packages/odoo/http.py", line 1768, in _serve_db
    return service_model.retrying(self._serve_ir_http, self.env)
  File "/usr/lib/python3/dist-packages/odoo/service/model.py", line 133, in retrying
    result = func()
  File "/usr/lib/python3/dist-packages/odoo/http.py", line 1795, in _serve_ir_http
    response = self.dispatcher.dispatch(rule.endpoint, args)
  File "/usr/lib/python3/dist-packages/odoo/http.py", line 1912, in dispatch
    return self.request.registry['ir.http']._dispatch(endpoint)
  File "/usr/lib/python3/dist-packages/odoo/addons/website/models/ir_http.py", line 235, in _dispatch
    response = super()._dispatch(endpoint)
  File "/usr/lib/python3/dist-packages/odoo/addons/base/models/ir_http.py", line 224, in _dispatch
    result.flatten()
  File "/usr/lib/python3/dist-packages/odoo/http.py", line 1294, in flatten
    self.response.append(self.render())
  File "/usr/lib/python3/dist-packages/odoo/http.py", line 1286, in render
    return request.env["ir.ui.view"]._render_template(self.template, self.qcontext)
  File "/usr/lib/python3/dist-packages/odoo/addons/website/models/ir_ui_view.py", line 442, in _render_template
    return super()._render_template(template, values=values)
  File "/usr/lib/python3/dist-packages/odoo/addons/base/models/ir_ui_view.py", line 2050, in _render_template
    return self.env['ir.qweb']._render(template, values)
  File "/usr/lib/python3/dist-packages/odoo/tools/profiler.py", line 292, in _tracked_method_render
    return method_render(self, template, values, **options)
  File "/usr/lib/python3/dist-packages/odoo/addons/base/models/ir_qweb.py", line 593, in _render
    result = ''.join(rendering)
  File "<185>", line 243, in template_185
  File "<185>", line 232, in template_185_content
  File "<184>", line 57, in template_184
odoo.addons.base.models.ir_qweb.QWebException: Error while render the template
ValueError: Element '<xpath expr="//header//nav">' cannot be located in parent view
Template: web.login_layout
Path: /t/t
Node: <t t-call="website.layout"/>
2024-05-05 15:03:58,845 1 INFO odoo werkzeug: 172.20.0.1 - - [05/May/2024 15:03:58] "GET /web/login HTTP/1.1" 500 - 307 0.117 0.291
2024-05-05 15:03:58,848 1 INFO odoo odoo.http: Session expired 
2024-05-05 15:03:58,848 1 INFO odoo werkzeug: 172.20.0.1 - - [05/May/2024 15:03:58] "POST /web/dataset/call_kw/ir.module.module/web_search_read HTTP/1.1" 200 - 2 0.005 0.014
2024-05-05 15:03:58,905 1 INFO odoo werkzeug: 172.20.0.1 - - [05/May/2024 15:03:58] "GET /favicon.ico HTTP/1.1" 301 - 3 0.002 0.013
2024-05-05 15:04:00,289 1 ERROR odoo odoo.http: Exception during request handling. 
Traceback (most recent call last):
  File "<184>", line 51, in template_184
  File "<184>", line 40, in template_184_content
  File "<504>", line 5, in not_found_template
ValueError: Element '<xpath expr="//header//nav">' cannot be located in parent view

The above exception was the direct cause of the following exception:

Traceback (most recent call last):
  File "/usr/lib/python3/dist-packages/odoo/http.py", line 2192, in __call__
    response = request._serve_db()
  File "/usr/lib/python3/dist-packages/odoo/http.py", line 1768, in _serve_db
    return service_model.retrying(self._serve_ir_http, self.env)
  File "/usr/lib/python3/dist-packages/odoo/service/model.py", line 133, in retrying
    result = func()
  File "/usr/lib/python3/dist-packages/odoo/http.py", line 1795, in _serve_ir_http
    response = self.dispatcher.dispatch(rule.endpoint, args)
  File "/usr/lib/python3/dist-packages/odoo/http.py", line 1912, in dispatch
    return self.request.registry['ir.http']._dispatch(endpoint)
  File "/usr/lib/python3/dist-packages/odoo/addons/website/models/ir_http.py", line 235, in _dispatch
    response = super()._dispatch(endpoint)
  File "/usr/lib/python3/dist-packages/odoo/addons/base/models/ir_http.py", line 224, in _dispatch
    result.flatten()
  File "/usr/lib/python3/dist-packages/odoo/http.py", line 1294, in flatten
    self.response.append(self.render())
  File "/usr/lib/python3/dist-packages/odoo/http.py", line 1286, in render
    return request.env["ir.ui.view"]._render_template(self.template, self.qcontext)
  File "/usr/lib/python3/dist-packages/odoo/addons/website/models/ir_ui_view.py", line 442, in _render_template
    return super()._render_template(template, values=values)
  File "/usr/lib/python3/dist-packages/odoo/addons/base/models/ir_ui_view.py", line 2050, in _render_template
    return self.env['ir.qweb']._render(template, values)
  File "/usr/lib/python3/dist-packages/odoo/tools/profiler.py", line 292, in _tracked_method_render
    return method_render(self, template, values, **options)
  File "/usr/lib/python3/dist-packages/odoo/addons/base/models/ir_qweb.py", line 593, in _render
    result = ''.join(rendering)
  File "<185>", line 243, in template_185
  File "<185>", line 232, in template_185_content
  File "<184>", line 57, in template_184
odoo.addons.base.models.ir_qweb.QWebException: Error while render the template
ValueError: Element '<xpath expr="//header//nav">' cannot be located in parent view
Template: web.login_layout
Path: /t/t
Node: <t t-call="website.layout"/>
2024-05-05 15:04:00,289 1 INFO odoo werkzeug: 172.20.0.1 - - [05/May/2024 15:04:00] "GET /web/login HTTP/1.1" 500 - 270 0.065 0.121
2024-05-05 15:04:00,499 1 INFO odoo werkzeug: 172.20.0.1 - - [05/May/2024 15:04:00] "GET /web/service-worker.js HTTP/1.1" 200 - 3 0.004 0.024
2024-05-05 15:04:00,550 1 INFO odoo werkzeug: 172.20.0.1 - - [05/May/2024 15:04:00] "GET /web/offline HTTP/1.1" 200 - 10 0.005 0.027
2024-05-05 15:04:01,021 1 ERROR odoo odoo.http: Exception during request handling. 
Traceback (most recent call last):
  File "<184>", line 51, in template_184
  File "<184>", line 40, in template_184_content
  File "<504>", line 5, in not_found_template
ValueError: Element '<xpath expr="//header//nav">' cannot be located in parent view

The above exception was the direct cause of the following exception:

Traceback (most recent call last):
  File "/usr/lib/python3/dist-packages/odoo/http.py", line 2192, in __call__
    response = request._serve_db()
  File "/usr/lib/python3/dist-packages/odoo/http.py", line 1768, in _serve_db
    return service_model.retrying(self._serve_ir_http, self.env)
  File "/usr/lib/python3/dist-packages/odoo/service/model.py", line 133, in retrying
    result = func()
  File "/usr/lib/python3/dist-packages/odoo/http.py", line 1795, in _serve_ir_http
    response = self.dispatcher.dispatch(rule.endpoint, args)
  File "/usr/lib/python3/dist-packages/odoo/http.py", line 1912, in dispatch
    return self.request.registry['ir.http']._dispatch(endpoint)
  File "/usr/lib/python3/dist-packages/odoo/addons/website/models/ir_http.py", line 235, in _dispatch
    response = super()._dispatch(endpoint)
  File "/usr/lib/python3/dist-packages/odoo/addons/base/models/ir_http.py", line 224, in _dispatch
    result.flatten()
  File "/usr/lib/python3/dist-packages/odoo/http.py", line 1294, in flatten
    self.response.append(self.render())
  File "/usr/lib/python3/dist-packages/odoo/http.py", line 1286, in render
    return request.env["ir.ui.view"]._render_template(self.template, self.qcontext)
  File "/usr/lib/python3/dist-packages/odoo/addons/website/models/ir_ui_view.py", line 442, in _render_template
    return super()._render_template(template, values=values)
  File "/usr/lib/python3/dist-packages/odoo/addons/base/models/ir_ui_view.py", line 2050, in _render_template
    return self.env['ir.qweb']._render(template, values)
  File "/usr/lib/python3/dist-packages/odoo/tools/profiler.py", line 292, in _tracked_method_render
    return method_render(self, template, values, **options)
  File "/usr/lib/python3/dist-packages/odoo/addons/base/models/ir_qweb.py", line 593, in _render
    result = ''.join(rendering)
  File "<185>", line 243, in template_185
  File "<185>", line 232, in template_185_content
  File "<184>", line 57, in template_184
odoo.addons.base.models.ir_qweb.QWebException: Error while render the template
ValueError: Element '<xpath expr="//header//nav">' cannot be located in parent view
Template: web.login_layout
Path: /t/t
Node: <t t-call="website.layout"/>
2024-05-05 15:04:01,021 1 INFO odoo werkzeug: 172.20.0.1 - - [05/May/2024 15:04:01] "GET /web/login HTTP/1.1" 500 - 270 0.042 0.119
2024-05-05 15:04:01,865 1 INFO odoo werkzeug: 172.20.0.1 - - [05/May/2024 15:04:01] "GET /web/service-worker.js HTTP/1.1" 200 - 2 0.005 0.025
2024-05-05 15:04:02,871 1 ERROR odoo odoo.http: Exception during request handling. 
Traceback (most recent call last):
  File "<184>", line 51, in template_184
  File "<184>", line 40, in template_184_content
  File "<504>", line 5, in not_found_template
ValueError: Element '<xpath expr="//header//nav">' cannot be located in parent view

The above exception was the direct cause of the following exception:

Traceback (most recent call last):
  File "/usr/lib/python3/dist-packages/odoo/http.py", line 2192, in __call__
    response = request._serve_db()
  File "/usr/lib/python3/dist-packages/odoo/http.py", line 1768, in _serve_db
    return service_model.retrying(self._serve_ir_http, self.env)
  File "/usr/lib/python3/dist-packages/odoo/service/model.py", line 133, in retrying
    result = func()
  File "/usr/lib/python3/dist-packages/odoo/http.py", line 1795, in _serve_ir_http
    response = self.dispatcher.dispatch(rule.endpoint, args)
  File "/usr/lib/python3/dist-packages/odoo/http.py", line 1912, in dispatch
    return self.request.registry['ir.http']._dispatch(endpoint)
  File "/usr/lib/python3/dist-packages/odoo/addons/website/models/ir_http.py", line 235, in _dispatch
    response = super()._dispatch(endpoint)
  File "/usr/lib/python3/dist-packages/odoo/addons/base/models/ir_http.py", line 224, in _dispatch
    result.flatten()
  File "/usr/lib/python3/dist-packages/odoo/http.py", line 1294, in flatten
    self.response.append(self.render())
  File "/usr/lib/python3/dist-packages/odoo/http.py", line 1286, in render
    return request.env["ir.ui.view"]._render_template(self.template, self.qcontext)
  File "/usr/lib/python3/dist-packages/odoo/addons/website/models/ir_ui_view.py", line 442, in _render_template
    return super()._render_template(template, values=values)
  File "/usr/lib/python3/dist-packages/odoo/addons/base/models/ir_ui_view.py", line 2050, in _render_template
    return self.env['ir.qweb']._render(template, values)
  File "/usr/lib/python3/dist-packages/odoo/tools/profiler.py", line 292, in _tracked_method_render
    return method_render(self, template, values, **options)
  File "/usr/lib/python3/dist-packages/odoo/addons/base/models/ir_qweb.py", line 593, in _render
    result = ''.join(rendering)
  File "<185>", line 243, in template_185
  File "<185>", line 232, in template_185_content
  File "<184>", line 57, in template_184
odoo.addons.base.models.ir_qweb.QWebException: Error while render the template
ValueError: Element '<xpath expr="//header//nav">' cannot be located in parent view
Template: web.login_layout
Path: /t/t
Node: <t t-call="website.layout"/>
2024-05-05 15:04:02,872 1 INFO odoo werkzeug: 172.20.0.1 - - [05/May/2024 15:04:02] "GET /web/login HTTP/1.1" 500 - 270 0.035 0.104
2024-05-05 15:04:03,283 1 ERROR odoo odoo.http: Exception during request handling. 
Traceback (most recent call last):
  File "<184>", line 51, in template_184
  File "<184>", line 40, in template_184_content
  File "<504>", line 5, in not_found_template
ValueError: Element '<xpath expr="//header//nav">' cannot be located in parent view

The above exception was the direct cause of the following exception:

Traceback (most recent call last):
  File "/usr/lib/python3/dist-packages/odoo/http.py", line 2192, in __call__
    response = request._serve_db()
  File "/usr/lib/python3/dist-packages/odoo/http.py", line 1768, in _serve_db
    return service_model.retrying(self._serve_ir_http, self.env)
  File "/usr/lib/python3/dist-packages/odoo/service/model.py", line 133, in retrying
    result = func()
  File "/usr/lib/python3/dist-packages/odoo/http.py", line 1795, in _serve_ir_http
    response = self.dispatcher.dispatch(rule.endpoint, args)
  File "/usr/lib/python3/dist-packages/odoo/http.py", line 1912, in dispatch
    return self.request.registry['ir.http']._dispatch(endpoint)
  File "/usr/lib/python3/dist-packages/odoo/addons/website/models/ir_http.py", line 235, in _dispatch
    response = super()._dispatch(endpoint)
  File "/usr/lib/python3/dist-packages/odoo/addons/base/models/ir_http.py", line 224, in _dispatch
    result.flatten()
  File "/usr/lib/python3/dist-packages/odoo/http.py", line 1294, in flatten
    self.response.append(self.render())
  File "/usr/lib/python3/dist-packages/odoo/http.py", line 1286, in render
    return request.env["ir.ui.view"]._render_template(self.template, self.qcontext)
  File "/usr/lib/python3/dist-packages/odoo/addons/website/models/ir_ui_view.py", line 442, in _render_template
    return super()._render_template(template, values=values)
  File "/usr/lib/python3/dist-packages/odoo/addons/base/models/ir_ui_view.py", line 2050, in _render_template
    return self.env['ir.qweb']._render(template, values)
  File "/usr/lib/python3/dist-packages/odoo/tools/profiler.py", line 292, in _tracked_method_render
    return method_render(self, template, values, **options)
  File "/usr/lib/python3/dist-packages/odoo/addons/base/models/ir_qweb.py", line 593, in _render
    result = ''.join(rendering)
  File "<185>", line 243, in template_185
  File "<185>", line 232, in template_185_content
  File "<184>", line 57, in template_184
odoo.addons.base.models.ir_qweb.QWebException: Error while render the template
ValueError: Element '<xpath expr="//header//nav">' cannot be located in parent view
Template: web.login_layout
Path: /t/t
Node: <t t-call="website.layout"/>
2024-05-05 15:04:03,284 1 INFO odoo werkzeug: 172.20.0.1 - - [05/May/2024 15:04:03] "GET /web/login HTTP/1.1" 500 - 270 0.031 0.108
2024-05-05 15:04:03,521 1 ERROR odoo odoo.http: Exception during request handling. 
Traceback (most recent call last):
  File "<184>", line 51, in template_184
  File "<184>", line 40, in template_184_content
  File "<504>", line 5, in not_found_template
ValueError: Element '<xpath expr="//header//nav">' cannot be located in parent view

The above exception was the direct cause of the following exception:

Traceback (most recent call last):
  File "/usr/lib/python3/dist-packages/odoo/http.py", line 2192, in __call__
    response = request._serve_db()
  File "/usr/lib/python3/dist-packages/odoo/http.py", line 1768, in _serve_db
    return service_model.retrying(self._serve_ir_http, self.env)
  File "/usr/lib/python3/dist-packages/odoo/service/model.py", line 133, in retrying
    result = func()
  File "/usr/lib/python3/dist-packages/odoo/http.py", line 1795, in _serve_ir_http
    response = self.dispatcher.dispatch(rule.endpoint, args)
  File "/usr/lib/python3/dist-packages/odoo/http.py", line 1912, in dispatch
    return self.request.registry['ir.http']._dispatch(endpoint)
  File "/usr/lib/python3/dist-packages/odoo/addons/website/models/ir_http.py", line 235, in _dispatch
    response = super()._dispatch(endpoint)
  File "/usr/lib/python3/dist-packages/odoo/addons/base/models/ir_http.py", line 224, in _dispatch
    result.flatten()
  File "/usr/lib/python3/dist-packages/odoo/http.py", line 1294, in flatten
    self.response.append(self.render())
  File "/usr/lib/python3/dist-packages/odoo/http.py", line 1286, in render
    return request.env["ir.ui.view"]._render_template(self.template, self.qcontext)
  File "/usr/lib/python3/dist-packages/odoo/addons/website/models/ir_ui_view.py", line 442, in _render_template
    return super()._render_template(template, values=values)
  File "/usr/lib/python3/dist-packages/odoo/addons/base/models/ir_ui_view.py", line 2050, in _render_template
    return self.env['ir.qweb']._render(template, values)
  File "/usr/lib/python3/dist-packages/odoo/tools/profiler.py", line 292, in _tracked_method_render
    return method_render(self, template, values, **options)
  File "/usr/lib/python3/dist-packages/odoo/addons/base/models/ir_qweb.py", line 593, in _render
    result = ''.join(rendering)
  File "<185>", line 243, in template_185
  File "<185>", line 232, in template_185_content
  File "<184>", line 57, in template_184
odoo.addons.base.models.ir_qweb.QWebException: Error while render the template
ValueError: Element '<xpath expr="//header//nav">' cannot be located in parent view
Template: web.login_layout
Path: /t/t
Node: <t t-call="website.layout"/>
2024-05-05 15:04:03,521 1 INFO odoo werkzeug: 172.20.0.1 - - [05/May/2024 15:04:03] "GET /web/login HTTP/1.1" 500 - 270 0.045 0.115
2024-05-05 15:04:03,710 1 INFO odoo werkzeug: 172.20.0.1 - - [05/May/2024 15:04:03] "GET /web/service-worker.js HTTP/1.1" 200 - 2 0.002 0.021
2024-05-05 15:04:05,087 1 INFO odoo werkzeug: 172.20.0.1 - - [05/May/2024 15:04:05] "GET /web/service-worker.js HTTP/1.1" 200 - 2 0.002 0.017
2024-05-05 15:04:08,991 1 INFO ? odoo.service.server: Initiating shutdown 
2024-05-05 15:04:08,991 1 INFO ? odoo.service.server: Hit CTRL-C again or send a second signal to force the shutdown. 
2024-05-05 15:04:09,074 1 INFO ? odoo.sql_db: ConnectionPool(used=0/count=0/max=64): Closed 5 connections  
2024-05-05 15:04:20,158 1 INFO ? odoo: Odoo version 17.0-20240429 
2024-05-05 15:04:20,159 1 INFO ? odoo: Using configuration file at /etc/odoo/odoo.conf 
2024-05-05 15:04:20,159 1 INFO ? odoo: addons paths: ['/usr/lib/python3/dist-packages/odoo/addons', '/etc/odoo/addons/17.0', '/mnt/extra-addons'] 
2024-05-05 15:04:20,159 1 INFO ? odoo: database: odoo@db:5432 
2024-05-05 15:04:20,211 1 INFO ? odoo.addons.base.models.ir_actions_report: Will use the Wkhtmltopdf binary at /usr/local/bin/wkhtmltopdf 
2024-05-05 15:04:20,303 1 INFO ? odoo.service.server: HTTP service (werkzeug) running on b301000a4bd5:8069 
2024-05-05 15:04:24,890 1 INFO ? odoo.service.server: Initiating shutdown 
2024-05-05 15:04:24,891 1 INFO ? odoo.service.server: Hit CTRL-C again or send a second signal to force the shutdown. 
2024-05-05 15:04:25,312 1 INFO ? odoo.sql_db: ConnectionPool(used=0/count=0/max=64): Closed 2 connections  
2024-05-05 15:19:06,537 1 INFO ? odoo: Odoo version 17.0-20240429 
2024-05-05 15:19:06,537 1 INFO ? odoo: Using configuration file at /etc/odoo/odoo.conf 
2024-05-05 15:19:06,537 1 INFO ? odoo: addons paths: ['/usr/lib/python3/dist-packages/odoo/addons', '/etc/odoo/addons/17.0', '/mnt/extra-addons'] 
2024-05-05 15:19:06,538 1 INFO ? odoo: database: odoo@db:5432 
2024-05-05 15:19:06,585 1 INFO ? odoo.addons.base.models.ir_actions_report: Will use the Wkhtmltopdf binary at /usr/local/bin/wkhtmltopdf 
2024-05-05 15:19:06,678 1 INFO ? odoo.service.server: HTTP service (werkzeug) running on 884b49a0f9d2:8069 
2024-05-05 15:19:59,919 1 INFO odoo odoo.modules.loading: loading 1 modules... 
2024-05-05 15:19:59,924 1 INFO odoo odoo.modules.loading: 1 modules loaded in 0.01s, 0 queries (+0 extra) 
2024-05-05 15:19:59,933 1 INFO odoo odoo.modules.loading: loading 35 modules... 
2024-05-05 15:20:00,057 1 INFO odoo odoo.modules.loading: 35 modules loaded in 0.12s, 0 queries (+0 extra) 
2024-05-05 15:20:00,093 1 INFO odoo odoo.modules.loading: Modules loaded. 
2024-05-05 15:20:00,096 1 INFO odoo odoo.modules.registry: Registry loaded in 0.199s 
2024-05-05 15:20:00,099 1 INFO odoo odoo.addons.base.models.ir_http: Generating routing map for key 1 
2024-05-05 15:20:00,378 1 ERROR odoo odoo.http: Exception during request handling. 
Traceback (most recent call last):
  File "<184>", line 51, in template_184
  File "<184>", line 40, in template_184_content
  File "<504>", line 5, in not_found_template
ValueError: Element '<xpath expr="//header//nav">' cannot be located in parent view

The above exception was the direct cause of the following exception:

Traceback (most recent call last):
  File "/usr/lib/python3/dist-packages/odoo/http.py", line 2192, in __call__
    response = request._serve_db()
  File "/usr/lib/python3/dist-packages/odoo/http.py", line 1768, in _serve_db
    return service_model.retrying(self._serve_ir_http, self.env)
  File "/usr/lib/python3/dist-packages/odoo/service/model.py", line 133, in retrying
    result = func()
  File "/usr/lib/python3/dist-packages/odoo/http.py", line 1795, in _serve_ir_http
    response = self.dispatcher.dispatch(rule.endpoint, args)
  File "/usr/lib/python3/dist-packages/odoo/http.py", line 1912, in dispatch
    return self.request.registry['ir.http']._dispatch(endpoint)
  File "/usr/lib/python3/dist-packages/odoo/addons/website/models/ir_http.py", line 235, in _dispatch
    response = super()._dispatch(endpoint)
  File "/usr/lib/python3/dist-packages/odoo/addons/base/models/ir_http.py", line 224, in _dispatch
    result.flatten()
  File "/usr/lib/python3/dist-packages/odoo/http.py", line 1294, in flatten
    self.response.append(self.render())
  File "/usr/lib/python3/dist-packages/odoo/http.py", line 1286, in render
    return request.env["ir.ui.view"]._render_template(self.template, self.qcontext)
  File "/usr/lib/python3/dist-packages/odoo/addons/website/models/ir_ui_view.py", line 442, in _render_template
    return super()._render_template(template, values=values)
  File "/usr/lib/python3/dist-packages/odoo/addons/base/models/ir_ui_view.py", line 2050, in _render_template
    return self.env['ir.qweb']._render(template, values)
  File "/usr/lib/python3/dist-packages/odoo/tools/profiler.py", line 292, in _tracked_method_render
    return method_render(self, template, values, **options)
  File "/usr/lib/python3/dist-packages/odoo/addons/base/models/ir_qweb.py", line 593, in _render
    result = ''.join(rendering)
  File "<185>", line 243, in template_185
  File "<185>", line 232, in template_185_content
  File "<184>", line 57, in template_184
odoo.addons.base.models.ir_qweb.QWebException: Error while render the template
ValueError: Element '<xpath expr="//header//nav">' cannot be located in parent view
Template: web.login_layout
Path: /t/t
Node: <t t-call="website.layout"/>
2024-05-05 15:20:00,379 1 INFO odoo werkzeug: 172.23.0.1 - - [05/May/2024 15:20:00] "GET /web/login HTTP/1.1" 500 - 328 0.095 0.401
2024-05-05 15:20:02,382 1 ERROR odoo odoo.http: Exception during request handling. 
Traceback (most recent call last):
  File "<184>", line 51, in template_184
  File "<184>", line 40, in template_184_content
  File "<504>", line 5, in not_found_template
ValueError: Element '<xpath expr="//header//nav">' cannot be located in parent view

The above exception was the direct cause of the following exception:

Traceback (most recent call last):
  File "/usr/lib/python3/dist-packages/odoo/http.py", line 2192, in __call__
    response = request._serve_db()
  File "/usr/lib/python3/dist-packages/odoo/http.py", line 1768, in _serve_db
    return service_model.retrying(self._serve_ir_http, self.env)
  File "/usr/lib/python3/dist-packages/odoo/service/model.py", line 133, in retrying
    result = func()
  File "/usr/lib/python3/dist-packages/odoo/http.py", line 1795, in _serve_ir_http
    response = self.dispatcher.dispatch(rule.endpoint, args)
  File "/usr/lib/python3/dist-packages/odoo/http.py", line 1912, in dispatch
    return self.request.registry['ir.http']._dispatch(endpoint)
  File "/usr/lib/python3/dist-packages/odoo/addons/website/models/ir_http.py", line 235, in _dispatch
    response = super()._dispatch(endpoint)
  File "/usr/lib/python3/dist-packages/odoo/addons/base/models/ir_http.py", line 224, in _dispatch
    result.flatten()
  File "/usr/lib/python3/dist-packages/odoo/http.py", line 1294, in flatten
    self.response.append(self.render())
  File "/usr/lib/python3/dist-packages/odoo/http.py", line 1286, in render
    return request.env["ir.ui.view"]._render_template(self.template, self.qcontext)
  File "/usr/lib/python3/dist-packages/odoo/addons/website/models/ir_ui_view.py", line 442, in _render_template
    return super()._render_template(template, values=values)
  File "/usr/lib/python3/dist-packages/odoo/addons/base/models/ir_ui_view.py", line 2050, in _render_template
    return self.env['ir.qweb']._render(template, values)
  File "/usr/lib/python3/dist-packages/odoo/tools/profiler.py", line 292, in _tracked_method_render
    return method_render(self, template, values, **options)
  File "/usr/lib/python3/dist-packages/odoo/addons/base/models/ir_qweb.py", line 593, in _render
    result = ''.join(rendering)
  File "<185>", line 243, in template_185
  File "<185>", line 232, in template_185_content
  File "<184>", line 57, in template_184
odoo.addons.base.models.ir_qweb.QWebException: Error while render the template
ValueError: Element '<xpath expr="//header//nav">' cannot be located in parent view
Template: web.login_layout
Path: /t/t
Node: <t t-call="website.layout"/>
2024-05-05 15:20:02,382 1 INFO odoo werkzeug: 172.23.0.1 - - [05/May/2024 15:20:02] "GET /web/login HTTP/1.1" 500 - 270 0.048 0.107
2024-05-05 15:20:02,400 1 INFO odoo werkzeug: 172.23.0.1 - - [05/May/2024 15:20:02] "GET /web/service-worker.js HTTP/1.1" 200 - 3 0.002 0.011
2024-05-05 15:20:02,697 1 ERROR odoo odoo.http: Exception during request handling. 
Traceback (most recent call last):
  File "<184>", line 51, in template_184
  File "<184>", line 40, in template_184_content
  File "<504>", line 5, in not_found_template
ValueError: Element '<xpath expr="//header//nav">' cannot be located in parent view

The above exception was the direct cause of the following exception:

Traceback (most recent call last):
  File "/usr/lib/python3/dist-packages/odoo/http.py", line 2192, in __call__
    response = request._serve_db()
  File "/usr/lib/python3/dist-packages/odoo/http.py", line 1768, in _serve_db
    return service_model.retrying(self._serve_ir_http, self.env)
  File "/usr/lib/python3/dist-packages/odoo/service/model.py", line 133, in retrying
    result = func()
  File "/usr/lib/python3/dist-packages/odoo/http.py", line 1795, in _serve_ir_http
    response = self.dispatcher.dispatch(rule.endpoint, args)
  File "/usr/lib/python3/dist-packages/odoo/http.py", line 1912, in dispatch
    return self.request.registry['ir.http']._dispatch(endpoint)
  File "/usr/lib/python3/dist-packages/odoo/addons/website/models/ir_http.py", line 235, in _dispatch
    response = super()._dispatch(endpoint)
  File "/usr/lib/python3/dist-packages/odoo/addons/base/models/ir_http.py", line 224, in _dispatch
    result.flatten()
  File "/usr/lib/python3/dist-packages/odoo/http.py", line 1294, in flatten
    self.response.append(self.render())
  File "/usr/lib/python3/dist-packages/odoo/http.py", line 1286, in render
    return request.env["ir.ui.view"]._render_template(self.template, self.qcontext)
  File "/usr/lib/python3/dist-packages/odoo/addons/website/models/ir_ui_view.py", line 442, in _render_template
    return super()._render_template(template, values=values)
  File "/usr/lib/python3/dist-packages/odoo/addons/base/models/ir_ui_view.py", line 2050, in _render_template
    return self.env['ir.qweb']._render(template, values)
  File "/usr/lib/python3/dist-packages/odoo/tools/profiler.py", line 292, in _tracked_method_render
    return method_render(self, template, values, **options)
  File "/usr/lib/python3/dist-packages/odoo/addons/base/models/ir_qweb.py", line 593, in _render
    result = ''.join(rendering)
  File "<185>", line 243, in template_185
  File "<185>", line 232, in template_185_content
  File "<184>", line 57, in template_184
odoo.addons.base.models.ir_qweb.QWebException: Error while render the template
ValueError: Element '<xpath expr="//header//nav">' cannot be located in parent view
Template: web.login_layout
Path: /t/t
Node: <t t-call="website.layout"/>
2024-05-05 15:20:02,698 1 INFO odoo werkzeug: 172.23.0.1 - - [05/May/2024 15:20:02] "GET /web/login HTTP/1.1" 500 - 270 0.089 0.133
2024-05-05 15:20:02,974 1 ERROR odoo odoo.http: Exception during request handling. 
Traceback (most recent call last):
  File "<184>", line 51, in template_184
  File "<184>", line 40, in template_184_content
  File "<504>", line 5, in not_found_template
ValueError: Element '<xpath expr="//header//nav">' cannot be located in parent view

The above exception was the direct cause of the following exception:

Traceback (most recent call last):
  File "/usr/lib/python3/dist-packages/odoo/http.py", line 2192, in __call__
    response = request._serve_db()
  File "/usr/lib/python3/dist-packages/odoo/http.py", line 1768, in _serve_db
    return service_model.retrying(self._serve_ir_http, self.env)
  File "/usr/lib/python3/dist-packages/odoo/service/model.py", line 133, in retrying
    result = func()
  File "/usr/lib/python3/dist-packages/odoo/http.py", line 1795, in _serve_ir_http
    response = self.dispatcher.dispatch(rule.endpoint, args)
  File "/usr/lib/python3/dist-packages/odoo/http.py", line 1912, in dispatch
    return self.request.registry['ir.http']._dispatch(endpoint)
  File "/usr/lib/python3/dist-packages/odoo/addons/website/models/ir_http.py", line 235, in _dispatch
    response = super()._dispatch(endpoint)
  File "/usr/lib/python3/dist-packages/odoo/addons/base/models/ir_http.py", line 224, in _dispatch
    result.flatten()
  File "/usr/lib/python3/dist-packages/odoo/http.py", line 1294, in flatten
    self.response.append(self.render())
  File "/usr/lib/python3/dist-packages/odoo/http.py", line 1286, in render
    return request.env["ir.ui.view"]._render_template(self.template, self.qcontext)
  File "/usr/lib/python3/dist-packages/odoo/addons/website/models/ir_ui_view.py", line 442, in _render_template
    return super()._render_template(template, values=values)
  File "/usr/lib/python3/dist-packages/odoo/addons/base/models/ir_ui_view.py", line 2050, in _render_template
    return self.env['ir.qweb']._render(template, values)
  File "/usr/lib/python3/dist-packages/odoo/tools/profiler.py", line 292, in _tracked_method_render
    return method_render(self, template, values, **options)
  File "/usr/lib/python3/dist-packages/odoo/addons/base/models/ir_qweb.py", line 593, in _render
    result = ''.join(rendering)
  File "<185>", line 243, in template_185
  File "<185>", line 232, in template_185_content
  File "<184>", line 57, in template_184
odoo.addons.base.models.ir_qweb.QWebException: Error while render the template
ValueError: Element '<xpath expr="//header//nav">' cannot be located in parent view
Template: web.login_layout
Path: /t/t
Node: <t t-call="website.layout"/>
2024-05-05 15:20:02,974 1 INFO odoo werkzeug: 172.23.0.1 - - [05/May/2024 15:20:02] "GET /web/login HTTP/1.1" 500 - 270 0.041 0.109
2024-05-05 15:20:03,304 1 ERROR odoo odoo.http: Exception during request handling. 
Traceback (most recent call last):
  File "<184>", line 51, in template_184
  File "<184>", line 40, in template_184_content
  File "<504>", line 5, in not_found_template
ValueError: Element '<xpath expr="//header//nav">' cannot be located in parent view

The above exception was the direct cause of the following exception:

Traceback (most recent call last):
  File "/usr/lib/python3/dist-packages/odoo/http.py", line 2192, in __call__
    response = request._serve_db()
  File "/usr/lib/python3/dist-packages/odoo/http.py", line 1768, in _serve_db
    return service_model.retrying(self._serve_ir_http, self.env)
  File "/usr/lib/python3/dist-packages/odoo/service/model.py", line 133, in retrying
    result = func()
  File "/usr/lib/python3/dist-packages/odoo/http.py", line 1795, in _serve_ir_http
    response = self.dispatcher.dispatch(rule.endpoint, args)
  File "/usr/lib/python3/dist-packages/odoo/http.py", line 1912, in dispatch
    return self.request.registry['ir.http']._dispatch(endpoint)
  File "/usr/lib/python3/dist-packages/odoo/addons/website/models/ir_http.py", line 235, in _dispatch
    response = super()._dispatch(endpoint)
  File "/usr/lib/python3/dist-packages/odoo/addons/base/models/ir_http.py", line 224, in _dispatch
    result.flatten()
  File "/usr/lib/python3/dist-packages/odoo/http.py", line 1294, in flatten
    self.response.append(self.render())
  File "/usr/lib/python3/dist-packages/odoo/http.py", line 1286, in render
    return request.env["ir.ui.view"]._render_template(self.template, self.qcontext)
  File "/usr/lib/python3/dist-packages/odoo/addons/website/models/ir_ui_view.py", line 442, in _render_template
    return super()._render_template(template, values=values)
  File "/usr/lib/python3/dist-packages/odoo/addons/base/models/ir_ui_view.py", line 2050, in _render_template
    return self.env['ir.qweb']._render(template, values)
  File "/usr/lib/python3/dist-packages/odoo/tools/profiler.py", line 292, in _tracked_method_render
    return method_render(self, template, values, **options)
  File "/usr/lib/python3/dist-packages/odoo/addons/base/models/ir_qweb.py", line 593, in _render
    result = ''.join(rendering)
  File "<185>", line 243, in template_185
  File "<185>", line 232, in template_185_content
  File "<184>", line 57, in template_184
odoo.addons.base.models.ir_qweb.QWebException: Error while render the template
ValueError: Element '<xpath expr="//header//nav">' cannot be located in parent view
Template: web.login_layout
Path: /t/t
Node: <t t-call="website.layout"/>
2024-05-05 15:20:03,305 1 INFO odoo werkzeug: 172.23.0.1 - - [05/May/2024 15:20:03] "GET /web/login HTTP/1.1" 500 - 270 0.038 0.106
2024-05-05 15:20:03,462 1 ERROR odoo odoo.http: Exception during request handling. 
Traceback (most recent call last):
  File "<184>", line 51, in template_184
  File "<184>", line 40, in template_184_content
  File "<504>", line 5, in not_found_template
ValueError: Element '<xpath expr="//header//nav">' cannot be located in parent view

The above exception was the direct cause of the following exception:

Traceback (most recent call last):
  File "/usr/lib/python3/dist-packages/odoo/http.py", line 2192, in __call__
    response = request._serve_db()
  File "/usr/lib/python3/dist-packages/odoo/http.py", line 1768, in _serve_db
    return service_model.retrying(self._serve_ir_http, self.env)
  File "/usr/lib/python3/dist-packages/odoo/service/model.py", line 133, in retrying
    result = func()
  File "/usr/lib/python3/dist-packages/odoo/http.py", line 1795, in _serve_ir_http
    response = self.dispatcher.dispatch(rule.endpoint, args)
  File "/usr/lib/python3/dist-packages/odoo/http.py", line 1912, in dispatch
    return self.request.registry['ir.http']._dispatch(endpoint)
  File "/usr/lib/python3/dist-packages/odoo/addons/website/models/ir_http.py", line 235, in _dispatch
    response = super()._dispatch(endpoint)
  File "/usr/lib/python3/dist-packages/odoo/addons/base/models/ir_http.py", line 224, in _dispatch
    result.flatten()
  File "/usr/lib/python3/dist-packages/odoo/http.py", line 1294, in flatten
    self.response.append(self.render())
  File "/usr/lib/python3/dist-packages/odoo/http.py", line 1286, in render
    return request.env["ir.ui.view"]._render_template(self.template, self.qcontext)
  File "/usr/lib/python3/dist-packages/odoo/addons/website/models/ir_ui_view.py", line 442, in _render_template
    return super()._render_template(template, values=values)
  File "/usr/lib/python3/dist-packages/odoo/addons/base/models/ir_ui_view.py", line 2050, in _render_template
    return self.env['ir.qweb']._render(template, values)
  File "/usr/lib/python3/dist-packages/odoo/tools/profiler.py", line 292, in _tracked_method_render
    return method_render(self, template, values, **options)
  File "/usr/lib/python3/dist-packages/odoo/addons/base/models/ir_qweb.py", line 593, in _render
    result = ''.join(rendering)
  File "<185>", line 243, in template_185
  File "<185>", line 232, in template_185_content
  File "<184>", line 57, in template_184
odoo.addons.base.models.ir_qweb.QWebException: Error while render the template
ValueError: Element '<xpath expr="//header//nav">' cannot be located in parent view
Template: web.login_layout
Path: /t/t
Node: <t t-call="website.layout"/>
2024-05-05 15:20:03,462 1 INFO odoo werkzeug: 172.23.0.1 - - [05/May/2024 15:20:03] "GET /web/login HTTP/1.1" 500 - 270 0.036 0.097
2024-05-05 15:20:03,658 1 ERROR odoo odoo.http: Exception during request handling. 
Traceback (most recent call last):
  File "<184>", line 51, in template_184
  File "<184>", line 40, in template_184_content
  File "<504>", line 5, in not_found_template
ValueError: Element '<xpath expr="//header//nav">' cannot be located in parent view

The above exception was the direct cause of the following exception:

Traceback (most recent call last):
  File "/usr/lib/python3/dist-packages/odoo/http.py", line 2192, in __call__
    response = request._serve_db()
  File "/usr/lib/python3/dist-packages/odoo/http.py", line 1768, in _serve_db
    return service_model.retrying(self._serve_ir_http, self.env)
  File "/usr/lib/python3/dist-packages/odoo/service/model.py", line 133, in retrying
    result = func()
  File "/usr/lib/python3/dist-packages/odoo/http.py", line 1795, in _serve_ir_http
    response = self.dispatcher.dispatch(rule.endpoint, args)
  File "/usr/lib/python3/dist-packages/odoo/http.py", line 1912, in dispatch
    return self.request.registry['ir.http']._dispatch(endpoint)
  File "/usr/lib/python3/dist-packages/odoo/addons/website/models/ir_http.py", line 235, in _dispatch
    response = super()._dispatch(endpoint)
  File "/usr/lib/python3/dist-packages/odoo/addons/base/models/ir_http.py", line 224, in _dispatch
    result.flatten()
  File "/usr/lib/python3/dist-packages/odoo/http.py", line 1294, in flatten
    self.response.append(self.render())
  File "/usr/lib/python3/dist-packages/odoo/http.py", line 1286, in render
    return request.env["ir.ui.view"]._render_template(self.template, self.qcontext)
  File "/usr/lib/python3/dist-packages/odoo/addons/website/models/ir_ui_view.py", line 442, in _render_template
    return super()._render_template(template, values=values)
  File "/usr/lib/python3/dist-packages/odoo/addons/base/models/ir_ui_view.py", line 2050, in _render_template
    return self.env['ir.qweb']._render(template, values)
  File "/usr/lib/python3/dist-packages/odoo/tools/profiler.py", line 292, in _tracked_method_render
    return method_render(self, template, values, **options)
  File "/usr/lib/python3/dist-packages/odoo/addons/base/models/ir_qweb.py", line 593, in _render
    result = ''.join(rendering)
  File "<185>", line 243, in template_185
  File "<185>", line 232, in template_185_content
  File "<184>", line 57, in template_184
odoo.addons.base.models.ir_qweb.QWebException: Error while render the template
ValueError: Element '<xpath expr="//header//nav">' cannot be located in parent view
Template: web.login_layout
Path: /t/t
Node: <t t-call="website.layout"/>
2024-05-05 15:20:03,659 1 INFO odoo werkzeug: 172.23.0.1 - - [05/May/2024 15:20:03] "GET /web/login HTTP/1.1" 500 - 270 0.054 0.115
2024-05-05 15:20:04,129 1 ERROR odoo odoo.http: Exception during request handling. 
Traceback (most recent call last):
  File "<184>", line 51, in template_184
  File "<184>", line 40, in template_184_content
  File "<504>", line 5, in not_found_template
ValueError: Element '<xpath expr="//header//nav">' cannot be located in parent view

The above exception was the direct cause of the following exception:

Traceback (most recent call last):
  File "/usr/lib/python3/dist-packages/odoo/http.py", line 2192, in __call__
    response = request._serve_db()
  File "/usr/lib/python3/dist-packages/odoo/http.py", line 1768, in _serve_db
    return service_model.retrying(self._serve_ir_http, self.env)
  File "/usr/lib/python3/dist-packages/odoo/service/model.py", line 133, in retrying
    result = func()
  File "/usr/lib/python3/dist-packages/odoo/http.py", line 1795, in _serve_ir_http
    response = self.dispatcher.dispatch(rule.endpoint, args)
  File "/usr/lib/python3/dist-packages/odoo/http.py", line 1912, in dispatch
    return self.request.registry['ir.http']._dispatch(endpoint)
  File "/usr/lib/python3/dist-packages/odoo/addons/website/models/ir_http.py", line 235, in _dispatch
    response = super()._dispatch(endpoint)
  File "/usr/lib/python3/dist-packages/odoo/addons/base/models/ir_http.py", line 224, in _dispatch
    result.flatten()
  File "/usr/lib/python3/dist-packages/odoo/http.py", line 1294, in flatten
    self.response.append(self.render())
  File "/usr/lib/python3/dist-packages/odoo/http.py", line 1286, in render
    return request.env["ir.ui.view"]._render_template(self.template, self.qcontext)
  File "/usr/lib/python3/dist-packages/odoo/addons/website/models/ir_ui_view.py", line 442, in _render_template
    return super()._render_template(template, values=values)
  File "/usr/lib/python3/dist-packages/odoo/addons/base/models/ir_ui_view.py", line 2050, in _render_template
    return self.env['ir.qweb']._render(template, values)
  File "/usr/lib/python3/dist-packages/odoo/tools/profiler.py", line 292, in _tracked_method_render
    return method_render(self, template, values, **options)
  File "/usr/lib/python3/dist-packages/odoo/addons/base/models/ir_qweb.py", line 593, in _render
    result = ''.join(rendering)
  File "<185>", line 243, in template_185
  File "<185>", line 232, in template_185_content
  File "<184>", line 57, in template_184
odoo.addons.base.models.ir_qweb.QWebException: Error while render the template
ValueError: Element '<xpath expr="//header//nav">' cannot be located in parent view
Template: web.login_layout
Path: /t/t
Node: <t t-call="website.layout"/>
2024-05-05 15:20:04,130 1 INFO odoo werkzeug: 172.23.0.1 - - [05/May/2024 15:20:04] "GET /web/login HTTP/1.1" 500 - 270 0.093 0.178
2024-05-05 15:20:05,689 1 INFO odoo werkzeug: 172.23.0.1 - - [05/May/2024 15:20:05] "GET /web/service-worker.js HTTP/1.1" 200 - 2 0.002 0.016
2024-05-05 15:20:06,141 1 ERROR odoo odoo.http: Exception during request handling. 
Traceback (most recent call last):
  File "<502>", line 39, in template_502
  File "<502>", line 28, in template_502_content
  File "<504>", line 5, in not_found_template
ValueError: Element '<xpath expr="//header//nav">' cannot be located in parent view

The above exception was the direct cause of the following exception:

Traceback (most recent call last):
  File "/usr/lib/python3/dist-packages/odoo/http.py", line 2192, in __call__
    response = request._serve_db()
  File "/usr/lib/python3/dist-packages/odoo/http.py", line 1768, in _serve_db
    return service_model.retrying(self._serve_ir_http, self.env)
  File "/usr/lib/python3/dist-packages/odoo/service/model.py", line 133, in retrying
    result = func()
  File "/usr/lib/python3/dist-packages/odoo/http.py", line 1795, in _serve_ir_http
    response = self.dispatcher.dispatch(rule.endpoint, args)
  File "/usr/lib/python3/dist-packages/odoo/http.py", line 1912, in dispatch
    return self.request.registry['ir.http']._dispatch(endpoint)
  File "/usr/lib/python3/dist-packages/odoo/addons/website/models/ir_http.py", line 235, in _dispatch
    response = super()._dispatch(endpoint)
  File "/usr/lib/python3/dist-packages/odoo/addons/base/models/ir_http.py", line 224, in _dispatch
    result.flatten()
  File "/usr/lib/python3/dist-packages/odoo/http.py", line 1294, in flatten
    self.response.append(self.render())
  File "/usr/lib/python3/dist-packages/odoo/http.py", line 1286, in render
    return request.env["ir.ui.view"]._render_template(self.template, self.qcontext)
  File "/usr/lib/python3/dist-packages/odoo/addons/website/models/ir_ui_view.py", line 442, in _render_template
    return super()._render_template(template, values=values)
  File "/usr/lib/python3/dist-packages/odoo/addons/base/models/ir_ui_view.py", line 2050, in _render_template
    return self.env['ir.qweb']._render(template, values)
  File "/usr/lib/python3/dist-packages/odoo/tools/profiler.py", line 292, in _tracked_method_render
    return method_render(self, template, values, **options)
  File "/usr/lib/python3/dist-packages/odoo/addons/base/models/ir_qweb.py", line 593, in _render
    result = ''.join(rendering)
  File "<502>", line 45, in template_502
odoo.addons.base.models.ir_qweb.QWebException: Error while render the template
ValueError: Element '<xpath expr="//header//nav">' cannot be located in parent view
Template: 502
Path: /t/t
Node: <t t-call="website.layout"/>
2024-05-05 15:20:06,142 1 INFO odoo werkzeug: 172.23.0.1 - - [05/May/2024 15:20:06] "GET / HTTP/1.1" 500 - 273 0.064 0.106
2024-05-05 15:20:06,782 1 INFO odoo odoo.addons.base.models.ir_cron: Starting job `Mail: Email Queue Manager`. 
2024-05-05 15:20:06,787 1 INFO odoo odoo.addons.base.models.ir_cron: Job done: `Mail: Email Queue Manager` (0.005s). 
2024-05-05 15:20:06,795 1 INFO odoo odoo.addons.base.models.ir_cron: Starting job `Notification: Send scheduled message notifications`. 
2024-05-05 15:20:06,798 1 INFO odoo odoo.addons.base.models.ir_cron: Job done: `Notification: Send scheduled message notifications` (0.003s). 
2024-05-05 15:20:06,804 1 INFO odoo odoo.addons.base.models.ir_cron: Starting job `Partner Autocomplete: Sync with remote DB`. 
2024-05-05 15:20:06,806 1 INFO odoo odoo.addons.base.models.ir_cron: Job done: `Partner Autocomplete: Sync with remote DB` (0.003s). 
2024-05-05 15:20:06,812 1 INFO odoo odoo.addons.base.models.ir_cron: Starting job `SMS: SMS Queue Manager`. 
2024-05-05 15:20:06,815 1 INFO odoo odoo.addons.base.models.ir_cron: Job done: `SMS: SMS Queue Manager` (0.003s). 
2024-05-05 15:20:06,821 1 INFO odoo odoo.addons.base.models.ir_cron: Starting job `Snailmail: process letters queue`. 
2024-05-05 15:20:06,824 1 INFO odoo odoo.addons.base.models.ir_cron: Job done: `Snailmail: process letters queue` (0.003s). 
2024-05-05 15:20:07,342 1 ERROR odoo odoo.http: Exception during request handling. 
Traceback (most recent call last):
  File "<502>", line 39, in template_502
  File "<502>", line 28, in template_502_content
  File "<504>", line 5, in not_found_template
ValueError: Element '<xpath expr="//header//nav">' cannot be located in parent view

The above exception was the direct cause of the following exception:

Traceback (most recent call last):
  File "/usr/lib/python3/dist-packages/odoo/http.py", line 2192, in __call__
    response = request._serve_db()
  File "/usr/lib/python3/dist-packages/odoo/http.py", line 1768, in _serve_db
    return service_model.retrying(self._serve_ir_http, self.env)
  File "/usr/lib/python3/dist-packages/odoo/service/model.py", line 133, in retrying
    result = func()
  File "/usr/lib/python3/dist-packages/odoo/http.py", line 1795, in _serve_ir_http
    response = self.dispatcher.dispatch(rule.endpoint, args)
  File "/usr/lib/python3/dist-packages/odoo/http.py", line 1912, in dispatch
    return self.request.registry['ir.http']._dispatch(endpoint)
  File "/usr/lib/python3/dist-packages/odoo/addons/website/models/ir_http.py", line 235, in _dispatch
    response = super()._dispatch(endpoint)
  File "/usr/lib/python3/dist-packages/odoo/addons/base/models/ir_http.py", line 224, in _dispatch
    result.flatten()
  File "/usr/lib/python3/dist-packages/odoo/http.py", line 1294, in flatten
    self.response.append(self.render())
  File "/usr/lib/python3/dist-packages/odoo/http.py", line 1286, in render
    return request.env["ir.ui.view"]._render_template(self.template, self.qcontext)
  File "/usr/lib/python3/dist-packages/odoo/addons/website/models/ir_ui_view.py", line 442, in _render_template
    return super()._render_template(template, values=values)
  File "/usr/lib/python3/dist-packages/odoo/addons/base/models/ir_ui_view.py", line 2050, in _render_template
    return self.env['ir.qweb']._render(template, values)
  File "/usr/lib/python3/dist-packages/odoo/tools/profiler.py", line 292, in _tracked_method_render
    return method_render(self, template, values, **options)
  File "/usr/lib/python3/dist-packages/odoo/addons/base/models/ir_qweb.py", line 593, in _render
    result = ''.join(rendering)
  File "<502>", line 45, in template_502
odoo.addons.base.models.ir_qweb.QWebException: Error while render the template
ValueError: Element '<xpath expr="//header//nav">' cannot be located in parent view
Template: 502
Path: /t/t
Node: <t t-call="website.layout"/>
2024-05-05 15:20:07,342 1 INFO odoo werkzeug: 172.23.0.1 - - [05/May/2024 15:20:07] "GET / HTTP/1.1" 500 - 267 0.040 0.096
2024-05-05 15:20:09,723 1 INFO odoo werkzeug: 172.23.0.1 - - [05/May/2024 15:20:09] "GET /web/service-worker.js HTTP/1.1" 200 - 2 0.002 0.021
2024-05-05 15:20:11,595 1 INFO odoo werkzeug: 172.23.0.1 - - [05/May/2024 15:20:11] "GET /web/service-worker.js HTTP/1.1" 200 - 2 0.002 0.019
